{"/workspaces/YggdraSkillWebApp/src/App.tsx": {"path":"/workspaces/YggdraSkillWebApp/src/App.tsx","statementMap":{"0":{"start":{"line":15,"column":12},"end":{"line":36,"column":1}},"1":{"start":{"line":16,"column":18},"end":{"line":16,"column":49}},"2":{"start":{"line":17,"column":2},"end":{"line":17,"column":28}},"3":{"start":{"line":17,"column":16},"end":{"line":17,"column":28}},"4":{"start":{"line":19,"column":2},"end":{"line":35,"column":4}}},"fnMap":{"0":{"name":"(anonymous_0)","decl":{"start":{"line":15,"column":12},"end":{"line":15,"column":13}},"loc":{"start":{"line":15,"column":18},"end":{"line":36,"column":1}},"line":15}},"branchMap":{"0":{"loc":{"start":{"line":17,"column":2},"end":{"line":17,"column":28}},"type":"if","locations":[{"start":{"line":17,"column":2},"end":{"line":17,"column":28}},{"start":{},"end":{}}],"line":17}},"s":{"0":1,"1":1,"2":1,"3":0,"4":1},"f":{"0":1},"b":{"0":[0,1]},"_coverageSchema":"1a1c01bbd47fc00a2c39e90264f33305004495a9","hash":"a53d5e7f93a5991070785c8f8dbf5790fc71e647"}
,"/workspaces/YggdraSkillWebApp/src/AuthProgressContext.tsx": {"path":"/workspaces/YggdraSkillWebApp/src/AuthProgressContext.tsx","statementMap":{"0":{"start":{"line":15,"column":35},"end":{"line":20,"column":2}},"1":{"start":{"line":28,"column":28},"end":{"line":32,"column":1}},"2":{"start":{"line":35,"column":2},"end":{"line":44,"column":3}},"3":{"start":{"line":37,"column":6},"end":{"line":37,"column":55}},"4":{"start":{"line":39,"column":6},"end":{"line":39,"column":48}},"5":{"start":{"line":41,"column":6},"end":{"line":41,"column":52}},"6":{"start":{"line":43,"column":6},"end":{"line":43,"column":19}},"7":{"start":{"line":51,"column":73},"end":{"line":92,"column":1}},"8":{"start":{"line":52,"column":33},"end":{"line":52,"column":66}},"9":{"start":{"line":53,"column":24},"end":{"line":53,"column":37}},"10":{"start":{"line":55,"column":2},"end":{"line":85,"column":22}},"11":{"start":{"line":56,"column":24},"end":{"line":82,"column":6}},"12":{"start":{"line":57,"column":6},"end":{"line":81,"column":7}},"13":{"start":{"line":58,"column":28},"end":{"line":58,"column":56}},"14":{"start":{"line":59,"column":33},"end":{"line":64,"column":9}},"15":{"start":{"line":66,"column":8},"end":{"line":66,"column":62}},"16":{"start":{"line":67,"column":8},"end":{"line":67,"column":77}},"17":{"start":{"line":68,"column":8},"end":{"line":68,"column":67}},"18":{"start":{"line":70,"column":8},"end":{"line":70,"column":43}},"19":{"start":{"line":71,"column":8},"end":{"line":71,"column":58}},"20":{"start":{"line":72,"column":8},"end":{"line":72,"column":47}},"21":{"start":{"line":74,"column":8},"end":{"line":74,"column":59}},"22":{"start":{"line":75,"column":8},"end":{"line":75,"column":63}},"23":{"start":{"line":76,"column":8},"end":{"line":76,"column":67}},"24":{"start":{"line":78,"column":8},"end":{"line":78,"column":40}},"25":{"start":{"line":79,"column":8},"end":{"line":79,"column":44}},"26":{"start":{"line":80,"column":8},"end":{"line":80,"column":47}},"27":{"start":{"line":84,"column":4},"end":{"line":84,"column":31}},"28":{"start":{"line":84,"column":17},"end":{"line":84,"column":30}},"29":{"start":{"line":87,"column":2},"end":{"line":91,"column":4}}},"fnMap":{"0":{"name":"(anonymous_0)","decl":{"start":{"line":19,"column":12},"end":{"line":19,"column":13}},"loc":{"start":{"line":19,"column":18},"end":{"line":19,"column":20}},"line":19},"1":{"name":"reducer","decl":{"start":{"line":34,"column":9},"end":{"line":34,"column":16}},"loc":{"start":{"line":34,"column":79},"end":{"line":45,"column":1}},"line":34},"2":{"name":"(anonymous_2)","decl":{"start":{"line":51,"column":73},"end":{"line":51,"column":74}},"loc":{"start":{"line":51,"column":91},"end":{"line":92,"column":1}},"line":51},"3":{"name":"(anonymous_3)","decl":{"start":{"line":55,"column":12},"end":{"line":55,"column":13}},"loc":{"start":{"line":55,"column":18},"end":{"line":85,"column":3}},"line":55},"4":{"name":"(anonymous_4)","decl":{"start":{"line":56,"column":49},"end":{"line":56,"column":50}},"loc":{"start":{"line":56,"column":65},"end":{"line":82,"column":5}},"line":56},"5":{"name":"(anonymous_5)","decl":{"start":{"line":84,"column":11},"end":{"line":84,"column":12}},"loc":{"start":{"line":84,"column":17},"end":{"line":84,"column":30}},"line":84}},"branchMap":{"0":{"loc":{"start":{"line":35,"column":2},"end":{"line":44,"column":3}},"type":"switch","locations":[{"start":{"line":36,"column":4},"end":{"line":37,"column":55}},{"start":{"line":38,"column":4},"end":{"line":39,"column":48}},{"start":{"line":40,"column":4},"end":{"line":41,"column":52}},{"start":{"line":42,"column":4},"end":{"line":43,"column":19}}],"line":35},"1":{"loc":{"start":{"line":57,"column":6},"end":{"line":81,"column":7}},"type":"if","locations":[{"start":{"line":57,"column":6},"end":{"line":81,"column":7}},{"start":{"line":73,"column":13},"end":{"line":81,"column":7}}],"line":57},"2":{"loc":{"start":{"line":61,"column":17},"end":{"line":61,"column":33}},"type":"binary-expr","locations":[{"start":{"line":61,"column":17},"end":{"line":61,"column":27}},{"start":{"line":61,"column":31},"end":{"line":61,"column":33}}],"line":61},"3":{"loc":{"start":{"line":62,"column":23},"end":{"line":62,"column":52}},"type":"binary-expr","locations":[{"start":{"line":62,"column":23},"end":{"line":62,"column":39}},{"start":{"line":62,"column":43},"end":{"line":62,"column":52}}],"line":62},"4":{"loc":{"start":{"line":63,"column":20},"end":{"line":63,"column":46}},"type":"binary-expr","locations":[{"start":{"line":63,"column":20},"end":{"line":63,"column":33}},{"start":{"line":63,"column":37},"end":{"line":63,"column":46}}],"line":63}},"s":{"0":4,"1":4,"2":6,"3":2,"4":2,"5":2,"6":0,"7":4,"8":4,"9":4,"10":4,"11":2,"12":2,"13":2,"14":2,"15":2,"16":2,"17":2,"18":2,"19":2,"20":2,"21":0,"22":0,"23":0,"24":0,"25":0,"26":0,"27":2,"28":2,"29":4},"f":{"0":0,"1":6,"2":4,"3":2,"4":2,"5":2},"b":{"0":[2,2,2,0],"1":[2,0],"2":[2,0],"3":[2,1],"4":[2,1]},"_coverageSchema":"1a1c01bbd47fc00a2c39e90264f33305004495a9","hash":"9d5a3477afaca1d7829befbfdaec1253d7761afa"}
,"/workspaces/YggdraSkillWebApp/src/Banner.tsx": {"path":"/workspaces/YggdraSkillWebApp/src/Banner.tsx","statementMap":{"0":{"start":{"line":10,"column":15},"end":{"line":117,"column":1}},"1":{"start":{"line":11,"column":29},"end":{"line":11,"column":60}},"2":{"start":{"line":12,"column":28},"end":{"line":12,"column":53}},"3":{"start":{"line":13,"column":40},"end":{"line":13,"column":52}},"4":{"start":{"line":14,"column":44},"end":{"line":14,"column":69}},"5":{"start":{"line":15,"column":40},"end":{"line":15,"column":52}},"6":{"start":{"line":16,"column":19},"end":{"line":16,"column":32}},"7":{"start":{"line":19,"column":2},"end":{"line":34,"column":9}},"8":{"start":{"line":20,"column":23},"end":{"line":31,"column":5}},"9":{"start":{"line":21,"column":6},"end":{"line":30,"column":7}},"10":{"start":{"line":22,"column":30},"end":{"line":22,"column":68}},"11":{"start":{"line":23,"column":38},"end":{"line":26,"column":11}},"12":{"start":{"line":23,"column":71},"end":{"line":26,"column":9}},"13":{"start":{"line":27,"column":8},"end":{"line":27,"column":27}},"14":{"start":{"line":29,"column":8},"end":{"line":29,"column":54}},"15":{"start":{"line":33,"column":4},"end":{"line":33,"column":17}},"16":{"start":{"line":36,"column":23},"end":{"line":45,"column":3}},"17":{"start":{"line":37,"column":4},"end":{"line":44,"column":5}},"18":{"start":{"line":38,"column":6},"end":{"line":38,"column":26}},"19":{"start":{"line":39,"column":6},"end":{"line":39,"column":52}},"20":{"start":{"line":40,"column":6},"end":{"line":40,"column":40}},"21":{"start":{"line":41,"column":6},"end":{"line":41,"column":20}},"22":{"start":{"line":43,"column":6},"end":{"line":43,"column":49}},"23":{"start":{"line":47,"column":23},"end":{"line":65,"column":3}},"24":{"start":{"line":48,"column":4},"end":{"line":48,"column":26}},"25":{"start":{"line":49,"column":4},"end":{"line":53,"column":5}},"26":{"start":{"line":50,"column":6},"end":{"line":50,"column":27}},"27":{"start":{"line":51,"column":6},"end":{"line":51,"column":25}},"28":{"start":{"line":52,"column":6},"end":{"line":52,"column":13}},"29":{"start":{"line":55,"column":21},"end":{"line":61,"column":5}},"30":{"start":{"line":57,"column":8},"end":{"line":60,"column":9}},"31":{"start":{"line":59,"column":10},"end":{"line":59,"column":65}},"32":{"start":{"line":63,"column":4},"end":{"line":63,"column":31}},"33":{"start":{"line":64,"column":4},"end":{"line":64,"column":76}},"34":{"start":{"line":67,"column":2},"end":{"line":116,"column":4}},"35":{"start":{"line":81,"column":33},"end":{"line":81,"column":61}},"36":{"start":{"line":88,"column":22},"end":{"line":93,"column":27}},"37":{"start":{"line":90,"column":39},"end":{"line":90,"column":68}}},"fnMap":{"0":{"name":"(anonymous_0)","decl":{"start":{"line":10,"column":15},"end":{"line":10,"column":16}},"loc":{"start":{"line":10,"column":21},"end":{"line":117,"column":1}},"line":10},"1":{"name":"(anonymous_1)","decl":{"start":{"line":19,"column":12},"end":{"line":19,"column":13}},"loc":{"start":{"line":19,"column":18},"end":{"line":34,"column":3}},"line":19},"2":{"name":"(anonymous_2)","decl":{"start":{"line":20,"column":23},"end":{"line":20,"column":24}},"loc":{"start":{"line":20,"column":35},"end":{"line":31,"column":5}},"line":20},"3":{"name":"(anonymous_3)","decl":{"start":{"line":23,"column":61},"end":{"line":23,"column":62}},"loc":{"start":{"line":23,"column":71},"end":{"line":26,"column":9}},"line":23},"4":{"name":"(anonymous_4)","decl":{"start":{"line":36,"column":23},"end":{"line":36,"column":24}},"loc":{"start":{"line":36,"column":35},"end":{"line":45,"column":3}},"line":36},"5":{"name":"(anonymous_5)","decl":{"start":{"line":47,"column":23},"end":{"line":47,"column":24}},"loc":{"start":{"line":47,"column":42},"end":{"line":65,"column":3}},"line":47},"6":{"name":"(anonymous_6)","decl":{"start":{"line":56,"column":6},"end":{"line":56,"column":7}},"loc":{"start":{"line":57,"column":8},"end":{"line":60,"column":9}},"line":57},"7":{"name":"(anonymous_7)","decl":{"start":{"line":58,"column":24},"end":{"line":58,"column":25}},"loc":{"start":{"line":59,"column":10},"end":{"line":59,"column":65}},"line":59},"8":{"name":"(anonymous_8)","decl":{"start":{"line":81,"column":26},"end":{"line":81,"column":27}},"loc":{"start":{"line":81,"column":33},"end":{"line":81,"column":61}},"line":81},"9":{"name":"(anonymous_9)","decl":{"start":{"line":87,"column":39},"end":{"line":87,"column":40}},"loc":{"start":{"line":88,"column":22},"end":{"line":93,"column":27}},"line":88},"10":{"name":"(anonymous_10)","decl":{"start":{"line":90,"column":33},"end":{"line":90,"column":34}},"loc":{"start":{"line":90,"column":39},"end":{"line":90,"column":68}},"line":90}},"branchMap":{"0":{"loc":{"start":{"line":49,"column":4},"end":{"line":53,"column":5}},"type":"if","locations":[{"start":{"line":49,"column":4},"end":{"line":53,"column":5}},{"start":{},"end":{}}],"line":49},"1":{"loc":{"start":{"line":57,"column":8},"end":{"line":60,"column":9}},"type":"binary-expr","locations":[{"start":{"line":57,"column":8},"end":{"line":57,"column":60}},{"start":{"line":58,"column":8},"end":{"line":60,"column":9}}],"line":57},"2":{"loc":{"start":{"line":64,"column":19},"end":{"line":64,"column":74}},"type":"cond-expr","locations":[{"start":{"line":64,"column":43},"end":{"line":64,"column":69}},{"start":{"line":64,"column":72},"end":{"line":64,"column":74}}],"line":64},"3":{"loc":{"start":{"line":71,"column":9},"end":{"line":113,"column":9}},"type":"cond-expr","locations":[{"start":{"line":72,"column":10},"end":{"line":107,"column":13}},{"start":{"line":109,"column":10},"end":{"line":112,"column":13}}],"line":71},"4":{"loc":{"start":{"line":73,"column":50},"end":{"line":73,"column":80}},"type":"binary-expr","locations":[{"start":{"line":73,"column":50},"end":{"line":73,"column":66}},{"start":{"line":73,"column":70},"end":{"line":73,"column":80}}],"line":73},"5":{"loc":{"start":{"line":84,"column":15},"end":{"line":97,"column":15}},"type":"binary-expr","locations":[{"start":{"line":84,"column":15},"end":{"line":84,"column":39}},{"start":{"line":85,"column":16},"end":{"line":96,"column":22}}],"line":84},"6":{"loc":{"start":{"line":98,"column":15},"end":{"line":102,"column":15}},"type":"binary-expr","locations":[{"start":{"line":98,"column":15},"end":{"line":98,"column":26}},{"start":{"line":99,"column":16},"end":{"line":101,"column":22}}],"line":98}},"s":{"0":2,"1":4,"2":4,"3":4,"4":4,"5":4,"6":4,"7":4,"8":2,"9":2,"10":2,"11":1,"12":1,"13":1,"14":0,"15":2,"16":4,"17":0,"18":0,"19":0,"20":0,"21":0,"22":0,"23":4,"24":1,"25":1,"26":0,"27":0,"28":0,"29":1,"30":1,"31":0,"32":1,"33":1,"34":4,"35":1,"36":1,"37":0},"f":{"0":4,"1":2,"2":2,"3":1,"4":0,"5":1,"6":1,"7":0,"8":1,"9":1,"10":0},"b":{"0":[0,1],"1":[1,0],"2":[0,1],"3":[3,1],"4":[3,0],"5":[3,1],"6":[3,0]},"_coverageSchema":"1a1c01bbd47fc00a2c39e90264f33305004495a9","hash":"dadcd32b63eb5b6085b104de803b7dec4df4bd06"}
,"/workspaces/YggdraSkillWebApp/src/Dashboard.tsx": {"path":"/workspaces/YggdraSkillWebApp/src/Dashboard.tsx","statementMap":{"0":{"start":{"line":7,"column":18},"end":{"line":66,"column":1}},"1":{"start":{"line":8,"column":19},"end":{"line":8,"column":32}},"2":{"start":{"line":9,"column":16},"end":{"line":9,"column":65}},"3":{"start":{"line":9,"column":50},"end":{"line":9,"column":64}},"4":{"start":{"line":10,"column":15},"end":{"line":10,"column":65}},"5":{"start":{"line":10,"column":49},"end":{"line":10,"column":64}},"6":{"start":{"line":11,"column":22},"end":{"line":11,"column":79}},"7":{"start":{"line":11,"column":56},"end":{"line":11,"column":78}},"8":{"start":{"line":12,"column":19},"end":{"line":12,"column":73}},"9":{"start":{"line":12,"column":53},"end":{"line":12,"column":72}},"10":{"start":{"line":14,"column":2},"end":{"line":18,"column":36}},"11":{"start":{"line":15,"column":4},"end":{"line":17,"column":5}},"12":{"start":{"line":16,"column":6},"end":{"line":16,"column":25}},"13":{"start":{"line":20,"column":2},"end":{"line":22,"column":3}},"14":{"start":{"line":21,"column":4},"end":{"line":21,"column":33}},"15":{"start":{"line":24,"column":21},"end":{"line":38,"column":3}},"16":{"start":{"line":25,"column":31},"end":{"line":25,"column":69}},"17":{"start":{"line":26,"column":27},"end":{"line":26,"column":54}},"18":{"start":{"line":27,"column":33},"end":{"line":29,"column":9}},"19":{"start":{"line":31,"column":4},"end":{"line":37,"column":6}},"20":{"start":{"line":40,"column":2},"end":{"line":65,"column":4}},"21":{"start":{"line":44,"column":8},"end":{"line":44,"column":44}},"22":{"start":{"line":44,"column":32},"end":{"line":44,"column":44}},"23":{"start":{"line":45,"column":21},"end":{"line":45,"column":64}},"24":{"start":{"line":46,"column":8},"end":{"line":46,"column":84}},"25":{"start":{"line":46,"column":72},"end":{"line":46,"column":84}},"26":{"start":{"line":48,"column":49},"end":{"line":55,"column":30}},"27":{"start":{"line":49,"column":10},"end":{"line":53,"column":11}},"28":{"start":{"line":50,"column":12},"end":{"line":50,"column":47}},"29":{"start":{"line":51,"column":17},"end":{"line":53,"column":11}},"30":{"start":{"line":52,"column":12},"end":{"line":52,"column":39}},"31":{"start":{"line":54,"column":10},"end":{"line":54,"column":21}},"32":{"start":{"line":57,"column":8},"end":{"line":62,"column":10}},"33":{"start":{"line":60,"column":38},"end":{"line":60,"column":74}}},"fnMap":{"0":{"name":"(anonymous_0)","decl":{"start":{"line":7,"column":18},"end":{"line":7,"column":19}},"loc":{"start":{"line":7,"column":24},"end":{"line":66,"column":1}},"line":7},"1":{"name":"(anonymous_1)","decl":{"start":{"line":9,"column":28},"end":{"line":9,"column":29}},"loc":{"start":{"line":9,"column":50},"end":{"line":9,"column":64}},"line":9},"2":{"name":"(anonymous_2)","decl":{"start":{"line":10,"column":27},"end":{"line":10,"column":28}},"loc":{"start":{"line":10,"column":49},"end":{"line":10,"column":64}},"line":10},"3":{"name":"(anonymous_3)","decl":{"start":{"line":11,"column":34},"end":{"line":11,"column":35}},"loc":{"start":{"line":11,"column":56},"end":{"line":11,"column":78}},"line":11},"4":{"name":"(anonymous_4)","decl":{"start":{"line":12,"column":31},"end":{"line":12,"column":32}},"loc":{"start":{"line":12,"column":53},"end":{"line":12,"column":72}},"line":12},"5":{"name":"(anonymous_5)","decl":{"start":{"line":14,"column":12},"end":{"line":14,"column":13}},"loc":{"start":{"line":14,"column":18},"end":{"line":18,"column":3}},"line":14},"6":{"name":"(anonymous_6)","decl":{"start":{"line":24,"column":21},"end":{"line":24,"column":22}},"loc":{"start":{"line":24,"column":70},"end":{"line":38,"column":3}},"line":24},"7":{"name":"(anonymous_7)","decl":{"start":{"line":43,"column":33},"end":{"line":43,"column":34}},"loc":{"start":{"line":43,"column":57},"end":{"line":63,"column":7}},"line":43},"8":{"name":"(anonymous_8)","decl":{"start":{"line":48,"column":81},"end":{"line":48,"column":82}},"loc":{"start":{"line":48,"column":107},"end":{"line":55,"column":9}},"line":48},"9":{"name":"(anonymous_9)","decl":{"start":{"line":60,"column":28},"end":{"line":60,"column":29}},"loc":{"start":{"line":60,"column":38},"end":{"line":60,"column":74}},"line":60}},"branchMap":{"0":{"loc":{"start":{"line":15,"column":4},"end":{"line":17,"column":5}},"type":"if","locations":[{"start":{"line":15,"column":4},"end":{"line":17,"column":5}},{"start":{},"end":{}}],"line":15},"1":{"loc":{"start":{"line":15,"column":8},"end":{"line":15,"column":28}},"type":"binary-expr","locations":[{"start":{"line":15,"column":8},"end":{"line":15,"column":19}},{"start":{"line":15,"column":23},"end":{"line":15,"column":28}}],"line":15},"2":{"loc":{"start":{"line":20,"column":2},"end":{"line":22,"column":3}},"type":"if","locations":[{"start":{"line":20,"column":2},"end":{"line":22,"column":3}},{"start":{},"end":{}}],"line":20},"3":{"loc":{"start":{"line":20,"column":6},"end":{"line":20,"column":27}},"type":"binary-expr","locations":[{"start":{"line":20,"column":6},"end":{"line":20,"column":18}},{"start":{"line":20,"column":22},"end":{"line":20,"column":27}}],"line":20},"4":{"loc":{"start":{"line":25,"column":31},"end":{"line":25,"column":69}},"type":"binary-expr","locations":[{"start":{"line":25,"column":31},"end":{"line":25,"column":63}},{"start":{"line":25,"column":67},"end":{"line":25,"column":69}}],"line":25},"5":{"loc":{"start":{"line":26,"column":27},"end":{"line":26,"column":54}},"type":"binary-expr","locations":[{"start":{"line":26,"column":27},"end":{"line":26,"column":49}},{"start":{"line":26,"column":53},"end":{"line":26,"column":54}}],"line":26},"6":{"loc":{"start":{"line":27,"column":33},"end":{"line":29,"column":9}},"type":"cond-expr","locations":[{"start":{"line":28,"column":8},"end":{"line":28,"column":58}},{"start":{"line":29,"column":8},"end":{"line":29,"column":9}}],"line":27},"7":{"loc":{"start":{"line":42,"column":38},"end":{"line":42,"column":68}},"type":"binary-expr","locations":[{"start":{"line":42,"column":38},"end":{"line":42,"column":54}},{"start":{"line":42,"column":58},"end":{"line":42,"column":68}}],"line":42},"8":{"loc":{"start":{"line":44,"column":8},"end":{"line":44,"column":44}},"type":"if","locations":[{"start":{"line":44,"column":8},"end":{"line":44,"column":44}},{"start":{},"end":{}}],"line":44},"9":{"loc":{"start":{"line":46,"column":8},"end":{"line":46,"column":84}},"type":"if","locations":[{"start":{"line":46,"column":8},"end":{"line":46,"column":84}},{"start":{},"end":{}}],"line":46},"10":{"loc":{"start":{"line":46,"column":12},"end":{"line":46,"column":70}},"type":"binary-expr","locations":[{"start":{"line":46,"column":12},"end":{"line":46,"column":17}},{"start":{"line":46,"column":21},"end":{"line":46,"column":49}},{"start":{"line":46,"column":53},"end":{"line":46,"column":70}}],"line":46},"11":{"loc":{"start":{"line":49,"column":10},"end":{"line":53,"column":11}},"type":"if","locations":[{"start":{"line":49,"column":10},"end":{"line":53,"column":11}},{"start":{"line":51,"column":17},"end":{"line":53,"column":11}}],"line":49},"12":{"loc":{"start":{"line":51,"column":17},"end":{"line":53,"column":11}},"type":"if","locations":[{"start":{"line":51,"column":17},"end":{"line":53,"column":11}},{"start":{},"end":{}}],"line":51},"13":{"loc":{"start":{"line":51,"column":21},"end":{"line":51,"column":88}},"type":"binary-expr","locations":[{"start":{"line":51,"column":21},"end":{"line":51,"column":46}},{"start":{"line":51,"column":50},"end":{"line":51,"column":64}},{"start":{"line":51,"column":68},"end":{"line":51,"column":88}}],"line":51}},"s":{"0":2,"1":2,"2":2,"3":6,"4":2,"5":6,"6":2,"7":6,"8":2,"9":6,"10":2,"11":2,"12":0,"13":2,"14":1,"15":1,"16":0,"17":0,"18":0,"19":0,"20":1,"21":1,"22":1,"23":0,"24":0,"25":0,"26":0,"27":0,"28":0,"29":0,"30":0,"31":0,"32":0,"33":0},"f":{"0":2,"1":6,"2":6,"3":6,"4":6,"5":2,"6":0,"7":1,"8":0,"9":0},"b":{"0":[0,2],"1":[2,1],"2":[1,1],"3":[2,1],"4":[0,0],"5":[0,0],"6":[0,0],"7":[1,1],"8":[1,0],"9":[0,0],"10":[0,0,0],"11":[0,0],"12":[0,0],"13":[0,0,0]},"_coverageSchema":"1a1c01bbd47fc00a2c39e90264f33305004495a9","hash":"e9640835d326482c555f6cdfd10a26d204b0cd4f"}
,"/workspaces/YggdraSkillWebApp/src/Develop.tsx": {"path":"/workspaces/YggdraSkillWebApp/src/Develop.tsx","statementMap":{"0":{"start":{"line":4,"column":16},"end":{"line":41,"column":1}},"1":{"start":{"line":5,"column":19},"end":{"line":5,"column":32}},"2":{"start":{"line":7,"column":2},"end":{"line":40,"column":4}},"3":{"start":{"line":14,"column":27},"end":{"line":14,"column":52}},"4":{"start":{"line":20,"column":27},"end":{"line":20,"column":52}},"5":{"start":{"line":26,"column":27},"end":{"line":26,"column":54}},"6":{"start":{"line":32,"column":27},"end":{"line":32,"column":57}}},"fnMap":{"0":{"name":"(anonymous_0)","decl":{"start":{"line":4,"column":16},"end":{"line":4,"column":17}},"loc":{"start":{"line":4,"column":22},"end":{"line":41,"column":1}},"line":4},"1":{"name":"(anonymous_1)","decl":{"start":{"line":14,"column":21},"end":{"line":14,"column":22}},"loc":{"start":{"line":14,"column":27},"end":{"line":14,"column":52}},"line":14},"2":{"name":"(anonymous_2)","decl":{"start":{"line":20,"column":21},"end":{"line":20,"column":22}},"loc":{"start":{"line":20,"column":27},"end":{"line":20,"column":52}},"line":20},"3":{"name":"(anonymous_3)","decl":{"start":{"line":26,"column":21},"end":{"line":26,"column":22}},"loc":{"start":{"line":26,"column":27},"end":{"line":26,"column":54}},"line":26},"4":{"name":"(anonymous_4)","decl":{"start":{"line":32,"column":21},"end":{"line":32,"column":22}},"loc":{"start":{"line":32,"column":27},"end":{"line":32,"column":57}},"line":32}},"branchMap":{},"s":{"0":1,"1":0,"2":0,"3":0,"4":0,"5":0,"6":0},"f":{"0":0,"1":0,"2":0,"3":0,"4":0},"b":{},"_coverageSchema":"1a1c01bbd47fc00a2c39e90264f33305004495a9","hash":"d63fbb7c10b61c23e91580c5873e7c4f5b577885"}
,"/workspaces/YggdraSkillWebApp/src/ErrorBoundary.tsx": {"path":"/workspaces/YggdraSkillWebApp/src/ErrorBoundary.tsx","statementMap":{"0":{"start":{"line":14,"column":4},"end":{"line":14,"column":17}},"1":{"start":{"line":15,"column":4},"end":{"line":18,"column":6}},"2":{"start":{"line":22,"column":4},"end":{"line":25,"column":6}},"3":{"start":{"line":29,"column":4},"end":{"line":29,"column":70}},"4":{"start":{"line":33,"column":4},"end":{"line":40,"column":5}},"5":{"start":{"line":34,"column":6},"end":{"line":39,"column":8}},"6":{"start":{"line":42,"column":4},"end":{"line":42,"column":31}}},"fnMap":{"0":{"name":"(anonymous_0)","decl":{"start":{"line":13,"column":2},"end":{"line":13,"column":3}},"loc":{"start":{"line":13,"column":41},"end":{"line":19,"column":3}},"line":13},"1":{"name":"(anonymous_1)","decl":{"start":{"line":21,"column":2},"end":{"line":21,"column":3}},"loc":{"start":{"line":21,"column":68},"end":{"line":26,"column":3}},"line":21},"2":{"name":"(anonymous_2)","decl":{"start":{"line":28,"column":2},"end":{"line":28,"column":3}},"loc":{"start":{"line":28,"column":62},"end":{"line":30,"column":3}},"line":28},"3":{"name":"(anonymous_3)","decl":{"start":{"line":32,"column":2},"end":{"line":32,"column":3}},"loc":{"start":{"line":32,"column":22},"end":{"line":43,"column":3}},"line":32}},"branchMap":{"0":{"loc":{"start":{"line":33,"column":4},"end":{"line":40,"column":5}},"type":"if","locations":[{"start":{"line":33,"column":4},"end":{"line":40,"column":5}},{"start":{},"end":{}}],"line":33}},"s":{"0":1,"1":1,"2":0,"3":0,"4":1,"5":0,"6":1},"f":{"0":1,"1":0,"2":0,"3":1},"b":{"0":[0,1]},"_coverageSchema":"1a1c01bbd47fc00a2c39e90264f33305004495a9","hash":"fe2548d9e02132f2544134bddc2cf77a6085f28b"}
,"/workspaces/YggdraSkillWebApp/src/FirestoreErrorHandler.ts": {"path":"/workspaces/YggdraSkillWebApp/src/FirestoreErrorHandler.ts","statementMap":{"0":{"start":{"line":2,"column":48},"end":{"line":8,"column":3}},"1":{"start":{"line":10,"column":2},"end":{"line":10,"column":77}}},"fnMap":{"0":{"name":"getFirestoreErrorMessage","decl":{"start":{"line":1,"column":16},"end":{"line":1,"column":40}},"loc":{"start":{"line":1,"column":66},"end":{"line":11,"column":1}},"line":1}},"branchMap":{"0":{"loc":{"start":{"line":10,"column":9},"end":{"line":10,"column":76}},"type":"binary-expr","locations":[{"start":{"line":10,"column":9},"end":{"line":10,"column":34}},{"start":{"line":10,"column":38},"end":{"line":10,"column":76}}],"line":10}},"s":{"0":1,"1":1},"f":{"0":1},"b":{"0":[1,0]},"_coverageSchema":"1a1c01bbd47fc00a2c39e90264f33305004495a9","hash":"827fa19a47664aa1617793cb4bc5d2a6761a0b45"}
,"/workspaces/YggdraSkillWebApp/src/HomePage.tsx": {"path":"/workspaces/YggdraSkillWebApp/src/HomePage.tsx","statementMap":{"0":{"start":{"line":5,"column":17},"end":{"line":64,"column":1}},"1":{"start":{"line":6,"column":2},"end":{"line":63,"column":4}}},"fnMap":{"0":{"name":"(anonymous_0)","decl":{"start":{"line":5,"column":17},"end":{"line":5,"column":18}},"loc":{"start":{"line":5,"column":23},"end":{"line":64,"column":1}},"line":5}},"branchMap":{},"s":{"0":2,"1":2},"f":{"0":2},"b":{},"_coverageSchema":"1a1c01bbd47fc00a2c39e90264f33305004495a9","hash":"d2b11c97fe53f82b0fbb408f286b9d6f13a341ea"}
,"/workspaces/YggdraSkillWebApp/src/Login.tsx": {"path":"/workspaces/YggdraSkillWebApp/src/Login.tsx","statementMap":{"0":{"start":{"line":7,"column":14},"end":{"line":59,"column":1}},"1":{"start":{"line":8,"column":28},"end":{"line":8,"column":40}},"2":{"start":{"line":9,"column":34},"end":{"line":9,"column":46}},"3":{"start":{"line":10,"column":28},"end":{"line":10,"column":40}},"4":{"start":{"line":11,"column":19},"end":{"line":11,"column":32}},"5":{"start":{"line":13,"column":22},"end":{"line":24,"column":3}},"6":{"start":{"line":14,"column":4},"end":{"line":23,"column":5}},"7":{"start":{"line":15,"column":6},"end":{"line":15,"column":62}},"8":{"start":{"line":16,"column":6},"end":{"line":16,"column":29}},"9":{"start":{"line":18,"column":6},"end":{"line":22,"column":7}},"10":{"start":{"line":19,"column":8},"end":{"line":19,"column":63}},"11":{"start":{"line":21,"column":8},"end":{"line":21,"column":50}},"12":{"start":{"line":26,"column":2},"end":{"line":58,"column":4}},"13":{"start":{"line":34,"column":25},"end":{"line":34,"column":49}},"14":{"start":{"line":41,"column":25},"end":{"line":41,"column":52}}},"fnMap":{"0":{"name":"(anonymous_0)","decl":{"start":{"line":7,"column":14},"end":{"line":7,"column":15}},"loc":{"start":{"line":7,"column":20},"end":{"line":59,"column":1}},"line":7},"1":{"name":"(anonymous_1)","decl":{"start":{"line":13,"column":22},"end":{"line":13,"column":23}},"loc":{"start":{"line":13,"column":34},"end":{"line":24,"column":3}},"line":13},"2":{"name":"(anonymous_2)","decl":{"start":{"line":34,"column":18},"end":{"line":34,"column":19}},"loc":{"start":{"line":34,"column":25},"end":{"line":34,"column":49}},"line":34},"3":{"name":"(anonymous_3)","decl":{"start":{"line":41,"column":18},"end":{"line":41,"column":19}},"loc":{"start":{"line":41,"column":25},"end":{"line":41,"column":52}},"line":41}},"branchMap":{"0":{"loc":{"start":{"line":18,"column":6},"end":{"line":22,"column":7}},"type":"if","locations":[{"start":{"line":18,"column":6},"end":{"line":22,"column":7}},{"start":{"line":20,"column":13},"end":{"line":22,"column":7}}],"line":18},"1":{"loc":{"start":{"line":18,"column":10},"end":{"line":18,"column":66}},"type":"binary-expr","locations":[{"start":{"line":18,"column":10},"end":{"line":18,"column":33}},{"start":{"line":18,"column":37},"end":{"line":18,"column":49}},{"start":{"line":18,"column":53},"end":{"line":18,"column":66}}],"line":18},"2":{"loc":{"start":{"line":29,"column":7},"end":{"line":29,"column":55}},"type":"binary-expr","locations":[{"start":{"line":29,"column":7},"end":{"line":29,"column":12}},{"start":{"line":29,"column":16},"end":{"line":29,"column":55}}],"line":29}},"s":{"0":1,"1":0,"2":0,"3":0,"4":0,"5":0,"6":0,"7":0,"8":0,"9":0,"10":0,"11":0,"12":0,"13":0,"14":0},"f":{"0":0,"1":0,"2":0,"3":0},"b":{"0":[0,0],"1":[0,0,0],"2":[0,0]},"_coverageSchema":"1a1c01bbd47fc00a2c39e90264f33305004495a9","hash":"fbb0a72ea9f7000bb1248682d08033b8ae40aaba"}
,"/workspaces/YggdraSkillWebApp/src/NodePage.tsx": {"path":"/workspaces/YggdraSkillWebApp/src/NodePage.tsx","statementMap":{"0":{"start":{"line":34,"column":29},"end":{"line":34,"column":84}},"1":{"start":{"line":34,"column":51},"end":{"line":34,"column":84}},"2":{"start":{"line":35,"column":28},"end":{"line":35,"column":81}},"3":{"start":{"line":35,"column":50},"end":{"line":35,"column":81}},"4":{"start":{"line":37,"column":24},"end":{"line":40,"column":1}},"5":{"start":{"line":38,"column":59},"end":{"line":38,"column":65}},"6":{"start":{"line":39,"column":30},"end":{"line":39,"column":58}},"7":{"start":{"line":42,"column":23},"end":{"line":45,"column":1}},"8":{"start":{"line":43,"column":58},"end":{"line":43,"column":64}},"9":{"start":{"line":43,"column":112},"end":{"line":43,"column":118}},"10":{"start":{"line":44,"column":37},"end":{"line":44,"column":74}},"11":{"start":{"line":47,"column":17},"end":{"line":183,"column":1}},"12":{"start":{"line":48,"column":29},"end":{"line":48,"column":78}},"13":{"start":{"line":49,"column":19},"end":{"line":49,"column":45}},"14":{"start":{"line":51,"column":21},"end":{"line":51,"column":33}},"15":{"start":{"line":52,"column":21},"end":{"line":52,"column":33}},"16":{"start":{"line":54,"column":20},"end":{"line":54,"column":89}},"17":{"start":{"line":54,"column":54},"end":{"line":54,"column":88}},"18":{"start":{"line":55,"column":19},"end":{"line":55,"column":99}},"19":{"start":{"line":55,"column":53},"end":{"line":55,"column":98}},"20":{"start":{"line":57,"column":26},"end":{"line":57,"column":57}},"21":{"start":{"line":58,"column":28},"end":{"line":58,"column":57}},"22":{"start":{"line":60,"column":2},"end":{"line":99,"column":33}},"23":{"start":{"line":61,"column":26},"end":{"line":96,"column":5}},"24":{"start":{"line":62,"column":6},"end":{"line":65,"column":7}},"25":{"start":{"line":63,"column":8},"end":{"line":63,"column":45}},"26":{"start":{"line":64,"column":8},"end":{"line":64,"column":15}},"27":{"start":{"line":67,"column":6},"end":{"line":95,"column":7}},"28":{"start":{"line":68,"column":27},"end":{"line":68,"column":51}},"29":{"start":{"line":69,"column":25},"end":{"line":69,"column":49}},"30":{"start":{"line":71,"column":8},"end":{"line":74,"column":9}},"31":{"start":{"line":72,"column":10},"end":{"line":72,"column":37}},"32":{"start":{"line":73,"column":10},"end":{"line":73,"column":17}},"33":{"start":{"line":76,"column":35},"end":{"line":76,"column":74}},"34":{"start":{"line":77,"column":26},"end":{"line":77,"column":59}},"35":{"start":{"line":79,"column":41},"end":{"line":82,"column":11}},"36":{"start":{"line":79,"column":70},"end":{"line":82,"column":9}},"37":{"start":{"line":84,"column":26},"end":{"line":84,"column":67}},"38":{"start":{"line":84,"column":51},"end":{"line":84,"column":66}},"39":{"start":{"line":86,"column":8},"end":{"line":91,"column":9}},"40":{"start":{"line":87,"column":10},"end":{"line":87,"column":29}},"41":{"start":{"line":88,"column":10},"end":{"line":88,"column":55}},"42":{"start":{"line":90,"column":10},"end":{"line":90,"column":37}},"43":{"start":{"line":93,"column":8},"end":{"line":93,"column":56}},"44":{"start":{"line":94,"column":8},"end":{"line":94,"column":45}},"45":{"start":{"line":98,"column":4},"end":{"line":98,"column":20}},"46":{"start":{"line":101,"column":23},"end":{"line":108,"column":3}},"47":{"start":{"line":102,"column":29},"end":{"line":104,"column":32}},"48":{"start":{"line":103,"column":40},"end":{"line":103,"column":54}},"49":{"start":{"line":106,"column":4},"end":{"line":106,"column":63}},"50":{"start":{"line":107,"column":4},"end":{"line":107,"column":100}},"51":{"start":{"line":110,"column":28},"end":{"line":121,"column":3}},"52":{"start":{"line":111,"column":35},"end":{"line":111,"column":62}},"53":{"start":{"line":112,"column":29},"end":{"line":112,"column":74}},"54":{"start":{"line":114,"column":4},"end":{"line":118,"column":7}},"55":{"start":{"line":115,"column":6},"end":{"line":117,"column":7}},"56":{"start":{"line":116,"column":8},"end":{"line":116,"column":67}},"57":{"start":{"line":120,"column":4},"end":{"line":120,"column":100}},"58":{"start":{"line":123,"column":2},"end":{"line":125,"column":3}},"59":{"start":{"line":124,"column":4},"end":{"line":124,"column":52}},"60":{"start":{"line":127,"column":2},"end":{"line":129,"column":3}},"61":{"start":{"line":128,"column":4},"end":{"line":128,"column":55}},"62":{"start":{"line":131,"column":24},"end":{"line":131,"column":43}},"63":{"start":{"line":132,"column":26},"end":{"line":134,"column":3}},"64":{"start":{"line":136,"column":2},"end":{"line":182,"column":4}},"65":{"start":{"line":148,"column":14},"end":{"line":157,"column":19}},"66":{"start":{"line":153,"column":36},"end":{"line":153,"column":58}},"67":{"start":{"line":178,"column":54},"end":{"line":178,"column":75}}},"fnMap":{"0":{"name":"(anonymous_0)","decl":{"start":{"line":34,"column":29},"end":{"line":34,"column":30}},"loc":{"start":{"line":34,"column":51},"end":{"line":34,"column":84}},"line":34},"1":{"name":"(anonymous_1)","decl":{"start":{"line":35,"column":28},"end":{"line":35,"column":29}},"loc":{"start":{"line":35,"column":50},"end":{"line":35,"column":81}},"line":35},"2":{"name":"(anonymous_2)","decl":{"start":{"line":38,"column":25},"end":{"line":38,"column":26}},"loc":{"start":{"line":38,"column":59},"end":{"line":38,"column":65}},"line":38},"3":{"name":"(anonymous_3)","decl":{"start":{"line":39,"column":2},"end":{"line":39,"column":3}},"loc":{"start":{"line":39,"column":30},"end":{"line":39,"column":58}},"line":39},"4":{"name":"(anonymous_4)","decl":{"start":{"line":43,"column":24},"end":{"line":43,"column":25}},"loc":{"start":{"line":43,"column":58},"end":{"line":43,"column":64}},"line":43},"5":{"name":"(anonymous_5)","decl":{"start":{"line":43,"column":66},"end":{"line":43,"column":67}},"loc":{"start":{"line":43,"column":112},"end":{"line":43,"column":118}},"line":43},"6":{"name":"(anonymous_6)","decl":{"start":{"line":44,"column":2},"end":{"line":44,"column":3}},"loc":{"start":{"line":44,"column":37},"end":{"line":44,"column":74}},"line":44},"7":{"name":"(anonymous_7)","decl":{"start":{"line":47,"column":17},"end":{"line":47,"column":18}},"loc":{"start":{"line":47,"column":23},"end":{"line":183,"column":1}},"line":47},"8":{"name":"(anonymous_8)","decl":{"start":{"line":54,"column":32},"end":{"line":54,"column":33}},"loc":{"start":{"line":54,"column":54},"end":{"line":54,"column":88}},"line":54},"9":{"name":"(anonymous_9)","decl":{"start":{"line":55,"column":31},"end":{"line":55,"column":32}},"loc":{"start":{"line":55,"column":53},"end":{"line":55,"column":98}},"line":55},"10":{"name":"(anonymous_10)","decl":{"start":{"line":60,"column":12},"end":{"line":60,"column":13}},"loc":{"start":{"line":60,"column":18},"end":{"line":99,"column":3}},"line":60},"11":{"name":"(anonymous_11)","decl":{"start":{"line":61,"column":26},"end":{"line":61,"column":27}},"loc":{"start":{"line":61,"column":38},"end":{"line":96,"column":5}},"line":61},"12":{"name":"(anonymous_12)","decl":{"start":{"line":79,"column":60},"end":{"line":79,"column":61}},"loc":{"start":{"line":79,"column":70},"end":{"line":82,"column":9}},"line":79},"13":{"name":"(anonymous_13)","decl":{"start":{"line":84,"column":44},"end":{"line":84,"column":45}},"loc":{"start":{"line":84,"column":51},"end":{"line":84,"column":66}},"line":84},"14":{"name":"(anonymous_14)","decl":{"start":{"line":101,"column":23},"end":{"line":101,"column":24}},"loc":{"start":{"line":101,"column":45},"end":{"line":108,"column":3}},"line":101},"15":{"name":"(anonymous_15)","decl":{"start":{"line":103,"column":25},"end":{"line":103,"column":26}},"loc":{"start":{"line":103,"column":40},"end":{"line":103,"column":54}},"line":103},"16":{"name":"(anonymous_16)","decl":{"start":{"line":110,"column":28},"end":{"line":110,"column":29}},"loc":{"start":{"line":110,"column":34},"end":{"line":121,"column":3}},"line":110},"17":{"name":"(anonymous_17)","decl":{"start":{"line":114,"column":25},"end":{"line":114,"column":26}},"loc":{"start":{"line":114,"column":47},"end":{"line":118,"column":5}},"line":114},"18":{"name":"(anonymous_18)","decl":{"start":{"line":147,"column":31},"end":{"line":147,"column":32}},"loc":{"start":{"line":148,"column":14},"end":{"line":157,"column":19}},"line":148},"19":{"name":"(anonymous_19)","decl":{"start":{"line":153,"column":30},"end":{"line":153,"column":31}},"loc":{"start":{"line":153,"column":36},"end":{"line":153,"column":58}},"line":153},"20":{"name":"(anonymous_20)","decl":{"start":{"line":178,"column":48},"end":{"line":178,"column":49}},"loc":{"start":{"line":178,"column":54},"end":{"line":178,"column":75}},"line":178}},"branchMap":{"0":{"loc":{"start":{"line":39,"column":30},"end":{"line":39,"column":58}},"type":"binary-expr","locations":[{"start":{"line":39,"column":30},"end":{"line":39,"column":52}},{"start":{"line":39,"column":56},"end":{"line":39,"column":58}}],"line":39},"1":{"loc":{"start":{"line":44,"column":37},"end":{"line":44,"column":74}},"type":"binary-expr","locations":[{"start":{"line":44,"column":37},"end":{"line":44,"column":68}},{"start":{"line":44,"column":72},"end":{"line":44,"column":74}}],"line":44},"2":{"loc":{"start":{"line":51,"column":21},"end":{"line":51,"column":33}},"type":"binary-expr","locations":[{"start":{"line":51,"column":21},"end":{"line":51,"column":27}},{"start":{"line":51,"column":31},"end":{"line":51,"column":33}}],"line":51},"3":{"loc":{"start":{"line":52,"column":21},"end":{"line":52,"column":33}},"type":"binary-expr","locations":[{"start":{"line":52,"column":21},"end":{"line":52,"column":27}},{"start":{"line":52,"column":31},"end":{"line":52,"column":33}}],"line":52},"4":{"loc":{"start":{"line":62,"column":6},"end":{"line":65,"column":7}},"type":"if","locations":[{"start":{"line":62,"column":6},"end":{"line":65,"column":7}},{"start":{},"end":{}}],"line":62},"5":{"loc":{"start":{"line":62,"column":10},"end":{"line":62,"column":28}},"type":"binary-expr","locations":[{"start":{"line":62,"column":10},"end":{"line":62,"column":17}},{"start":{"line":62,"column":21},"end":{"line":62,"column":28}}],"line":62},"6":{"loc":{"start":{"line":71,"column":8},"end":{"line":74,"column":9}},"type":"if","locations":[{"start":{"line":71,"column":8},"end":{"line":74,"column":9}},{"start":{},"end":{}}],"line":71},"7":{"loc":{"start":{"line":86,"column":8},"end":{"line":91,"column":9}},"type":"if","locations":[{"start":{"line":86,"column":8},"end":{"line":91,"column":9}},{"start":{"line":89,"column":15},"end":{"line":91,"column":9}}],"line":86},"8":{"loc":{"start":{"line":102,"column":29},"end":{"line":104,"column":32}},"type":"cond-expr","locations":[{"start":{"line":103,"column":8},"end":{"line":103,"column":55}},{"start":{"line":104,"column":8},"end":{"line":104,"column":32}}],"line":102},"9":{"loc":{"start":{"line":111,"column":35},"end":{"line":111,"column":62}},"type":"binary-expr","locations":[{"start":{"line":111,"column":35},"end":{"line":111,"column":56}},{"start":{"line":111,"column":60},"end":{"line":111,"column":62}}],"line":111},"10":{"loc":{"start":{"line":115,"column":6},"end":{"line":117,"column":7}},"type":"if","locations":[{"start":{"line":115,"column":6},"end":{"line":117,"column":7}},{"start":{},"end":{}}],"line":115},"11":{"loc":{"start":{"line":123,"column":2},"end":{"line":125,"column":3}},"type":"if","locations":[{"start":{"line":123,"column":2},"end":{"line":125,"column":3}},{"start":{},"end":{}}],"line":123},"12":{"loc":{"start":{"line":127,"column":2},"end":{"line":129,"column":3}},"type":"if","locations":[{"start":{"line":127,"column":2},"end":{"line":129,"column":3}},{"start":{},"end":{}}],"line":127},"13":{"loc":{"start":{"line":133,"column":24},"end":{"line":133,"column":49}},"type":"binary-expr","locations":[{"start":{"line":133,"column":24},"end":{"line":133,"column":44}},{"start":{"line":133,"column":48},"end":{"line":133,"column":49}}],"line":133},"14":{"loc":{"start":{"line":145,"column":9},"end":{"line":162,"column":9}},"type":"cond-expr","locations":[{"start":{"line":146,"column":10},"end":{"line":159,"column":15}},{"start":{"line":161,"column":10},"end":{"line":161,"column":54}}],"line":145}},"s":{"0":1,"1":0,"2":1,"3":0,"4":1,"5":0,"6":0,"7":1,"8":0,"9":0,"10":0,"11":1,"12":0,"13":0,"14":0,"15":0,"16":0,"17":0,"18":0,"19":0,"20":0,"21":0,"22":0,"23":0,"24":0,"25":0,"26":0,"27":0,"28":0,"29":0,"30":0,"31":0,"32":0,"33":0,"34":0,"35":0,"36":0,"37":0,"38":0,"39":0,"40":0,"41":0,"42":0,"43":0,"44":0,"45":0,"46":0,"47":0,"48":0,"49":0,"50":0,"51":0,"52":0,"53":0,"54":0,"55":0,"56":0,"57":0,"58":0,"59":0,"60":0,"61":0,"62":0,"63":0,"64":0,"65":0,"66":0,"67":0},"f":{"0":0,"1":0,"2":0,"3":0,"4":0,"5":0,"6":0,"7":0,"8":0,"9":0,"10":0,"11":0,"12":0,"13":0,"14":0,"15":0,"16":0,"17":0,"18":0,"19":0,"20":0},"b":{"0":[0,0],"1":[0,0],"2":[0,0],"3":[0,0],"4":[0,0],"5":[0,0],"6":[0,0],"7":[0,0],"8":[0,0],"9":[0,0],"10":[0,0],"11":[0,0],"12":[0,0],"13":[0,0],"14":[0,0]},"_coverageSchema":"1a1c01bbd47fc00a2c39e90264f33305004495a9","hash":"b5477a0d47e61623bd3641333c855cfd839ff684"}
,"/workspaces/YggdraSkillWebApp/src/PartitionPage.tsx": {"path":"/workspaces/YggdraSkillWebApp/src/PartitionPage.tsx","statementMap":{"0":{"start":{"line":15,"column":22},"end":{"line":83,"column":1}},"1":{"start":{"line":16,"column":24},"end":{"line":16,"column":35}},"2":{"start":{"line":17,"column":19},"end":{"line":17,"column":32}},"3":{"start":{"line":18,"column":28},"end":{"line":18,"column":52}},"4":{"start":{"line":19,"column":28},"end":{"line":19,"column":40}},"5":{"start":{"line":21,"column":2},"end":{"line":55,"column":18}},"6":{"start":{"line":22,"column":23},"end":{"line":52,"column":5}},"7":{"start":{"line":23,"column":6},"end":{"line":23,"column":78}},"8":{"start":{"line":25,"column":6},"end":{"line":51,"column":7}},"9":{"start":{"line":26,"column":30},"end":{"line":26,"column":68}},"10":{"start":{"line":27,"column":8},"end":{"line":27,"column":80}},"11":{"start":{"line":29,"column":42},"end":{"line":29,"column":44}},"12":{"start":{"line":31,"column":8},"end":{"line":40,"column":11}},"13":{"start":{"line":32,"column":27},"end":{"line":32,"column":37}},"14":{"start":{"line":33,"column":10},"end":{"line":39,"column":11}},"15":{"start":{"line":34,"column":12},"end":{"line":38,"column":15}},"16":{"start":{"line":42,"column":8},"end":{"line":45,"column":10}},"17":{"start":{"line":47,"column":8},"end":{"line":47,"column":32}},"18":{"start":{"line":49,"column":8},"end":{"line":49,"column":69}},"19":{"start":{"line":50,"column":8},"end":{"line":50,"column":66}},"20":{"start":{"line":54,"column":4},"end":{"line":54,"column":17}},"21":{"start":{"line":57,"column":2},"end":{"line":82,"column":4}},"22":{"start":{"line":72,"column":10},"end":{"line":78,"column":19}},"23":{"start":{"line":74,"column":27},"end":{"line":74,"column":56}}},"fnMap":{"0":{"name":"(anonymous_0)","decl":{"start":{"line":15,"column":22},"end":{"line":15,"column":23}},"loc":{"start":{"line":15,"column":28},"end":{"line":83,"column":1}},"line":15},"1":{"name":"(anonymous_1)","decl":{"start":{"line":21,"column":12},"end":{"line":21,"column":13}},"loc":{"start":{"line":21,"column":18},"end":{"line":55,"column":3}},"line":21},"2":{"name":"(anonymous_2)","decl":{"start":{"line":22,"column":23},"end":{"line":22,"column":24}},"loc":{"start":{"line":22,"column":35},"end":{"line":52,"column":5}},"line":22},"3":{"name":"(anonymous_3)","decl":{"start":{"line":31,"column":30},"end":{"line":31,"column":31}},"loc":{"start":{"line":31,"column":39},"end":{"line":40,"column":9}},"line":31},"4":{"name":"(anonymous_4)","decl":{"start":{"line":71,"column":19},"end":{"line":71,"column":20}},"loc":{"start":{"line":72,"column":10},"end":{"line":78,"column":19}},"line":72},"5":{"name":"(anonymous_5)","decl":{"start":{"line":74,"column":21},"end":{"line":74,"column":22}},"loc":{"start":{"line":74,"column":27},"end":{"line":74,"column":56}},"line":74}},"branchMap":{"0":{"loc":{"start":{"line":33,"column":10},"end":{"line":39,"column":11}},"type":"if","locations":[{"start":{"line":33,"column":10},"end":{"line":39,"column":11}},{"start":{},"end":{}}],"line":33},"1":{"loc":{"start":{"line":36,"column":21},"end":{"line":36,"column":45}},"type":"binary-expr","locations":[{"start":{"line":36,"column":21},"end":{"line":36,"column":35}},{"start":{"line":36,"column":39},"end":{"line":36,"column":45}}],"line":36},"2":{"loc":{"start":{"line":60,"column":9},"end":{"line":62,"column":14}},"type":"cond-expr","locations":[{"start":{"line":61,"column":12},"end":{"line":61,"column":66}},{"start":{"line":62,"column":12},"end":{"line":62,"column":14}}],"line":60},"3":{"loc":{"start":{"line":65,"column":7},"end":{"line":69,"column":7}},"type":"binary-expr","locations":[{"start":{"line":65,"column":7},"end":{"line":65,"column":12}},{"start":{"line":66,"column":8},"end":{"line":68,"column":12}}],"line":65},"4":{"loc":{"start":{"line":77,"column":13},"end":{"line":77,"column":79}},"type":"binary-expr","locations":[{"start":{"line":77,"column":13},"end":{"line":77,"column":23}},{"start":{"line":77,"column":27},"end":{"line":77,"column":79}}],"line":77}},"s":{"0":1,"1":0,"2":0,"3":0,"4":0,"5":0,"6":0,"7":0,"8":0,"9":0,"10":0,"11":0,"12":0,"13":0,"14":0,"15":0,"16":0,"17":0,"18":0,"19":0,"20":0,"21":0,"22":0,"23":0},"f":{"0":0,"1":0,"2":0,"3":0,"4":0,"5":0},"b":{"0":[0,0],"1":[0,0],"2":[0,0],"3":[0,0],"4":[0,0]},"_coverageSchema":"1a1c01bbd47fc00a2c39e90264f33305004495a9","hash":"55ca5b2b23f9071233e81c493e21431076a8843a"}
,"/workspaces/YggdraSkillWebApp/src/Signup.tsx": {"path":"/workspaces/YggdraSkillWebApp/src/Signup.tsx","statementMap":{"0":{"start":{"line":6,"column":15},"end":{"line":57,"column":1}},"1":{"start":{"line":7,"column":28},"end":{"line":7,"column":40}},"2":{"start":{"line":8,"column":34},"end":{"line":8,"column":46}},"3":{"start":{"line":9,"column":28},"end":{"line":9,"column":40}},"4":{"start":{"line":11,"column":23},"end":{"line":22,"column":3}},"5":{"start":{"line":12,"column":4},"end":{"line":21,"column":5}},"6":{"start":{"line":13,"column":6},"end":{"line":13,"column":66}},"7":{"start":{"line":14,"column":6},"end":{"line":14,"column":45}},"8":{"start":{"line":16,"column":6},"end":{"line":20,"column":7}},"9":{"start":{"line":17,"column":8},"end":{"line":17,"column":63}},"10":{"start":{"line":19,"column":8},"end":{"line":19,"column":50}},"11":{"start":{"line":24,"column":2},"end":{"line":56,"column":4}},"12":{"start":{"line":32,"column":25},"end":{"line":32,"column":49}},"13":{"start":{"line":39,"column":25},"end":{"line":39,"column":52}}},"fnMap":{"0":{"name":"(anonymous_0)","decl":{"start":{"line":6,"column":15},"end":{"line":6,"column":16}},"loc":{"start":{"line":6,"column":21},"end":{"line":57,"column":1}},"line":6},"1":{"name":"(anonymous_1)","decl":{"start":{"line":11,"column":23},"end":{"line":11,"column":24}},"loc":{"start":{"line":11,"column":35},"end":{"line":22,"column":3}},"line":11},"2":{"name":"(anonymous_2)","decl":{"start":{"line":32,"column":18},"end":{"line":32,"column":19}},"loc":{"start":{"line":32,"column":25},"end":{"line":32,"column":49}},"line":32},"3":{"name":"(anonymous_3)","decl":{"start":{"line":39,"column":18},"end":{"line":39,"column":19}},"loc":{"start":{"line":39,"column":25},"end":{"line":39,"column":52}},"line":39}},"branchMap":{"0":{"loc":{"start":{"line":16,"column":6},"end":{"line":20,"column":7}},"type":"if","locations":[{"start":{"line":16,"column":6},"end":{"line":20,"column":7}},{"start":{"line":18,"column":13},"end":{"line":20,"column":7}}],"line":16},"1":{"loc":{"start":{"line":16,"column":10},"end":{"line":16,"column":66}},"type":"binary-expr","locations":[{"start":{"line":16,"column":10},"end":{"line":16,"column":33}},{"start":{"line":16,"column":37},"end":{"line":16,"column":49}},{"start":{"line":16,"column":53},"end":{"line":16,"column":66}}],"line":16},"2":{"loc":{"start":{"line":27,"column":7},"end":{"line":27,"column":55}},"type":"binary-expr","locations":[{"start":{"line":27,"column":7},"end":{"line":27,"column":12}},{"start":{"line":27,"column":16},"end":{"line":27,"column":55}}],"line":27}},"s":{"0":1,"1":0,"2":0,"3":0,"4":0,"5":0,"6":0,"7":0,"8":0,"9":0,"10":0,"11":0,"12":0,"13":0},"f":{"0":0,"1":0,"2":0,"3":0},"b":{"0":[0,0],"1":[0,0,0],"2":[0,0]},"_coverageSchema":"1a1c01bbd47fc00a2c39e90264f33305004495a9","hash":"4155ed2d10d3c62223e7448863c53c94ab5f6f76"}
,"/workspaces/YggdraSkillWebApp/src/SkillTree.tsx": {"path":"/workspaces/YggdraSkillWebApp/src/SkillTree.tsx","statementMap":{"0":{"start":{"line":17,"column":44},"end":{"line":32,"column":1}},"1":{"start":{"line":34,"column":18},"end":{"line":136,"column":1}},"2":{"start":{"line":35,"column":21},"end":{"line":35,"column":52}},"3":{"start":{"line":36,"column":43},"end":{"line":36,"column":60}},"4":{"start":{"line":37,"column":43},"end":{"line":37,"column":68}},"5":{"start":{"line":38,"column":28},"end":{"line":38,"column":57}},"6":{"start":{"line":40,"column":2},"end":{"line":96,"column":15}},"7":{"start":{"line":41,"column":22},"end":{"line":93,"column":5}},"8":{"start":{"line":42,"column":6},"end":{"line":42,"column":26}},"9":{"start":{"line":42,"column":19},"end":{"line":42,"column":26}},"10":{"start":{"line":44,"column":6},"end":{"line":92,"column":7}},"11":{"start":{"line":45,"column":24},"end":{"line":45,"column":48}},"12":{"start":{"line":46,"column":25},"end":{"line":46,"column":46}},"13":{"start":{"line":48,"column":8},"end":{"line":51,"column":9}},"14":{"start":{"line":49,"column":10},"end":{"line":49,"column":37}},"15":{"start":{"line":50,"column":10},"end":{"line":50,"column":17}},"16":{"start":{"line":53,"column":32},"end":{"line":53,"column":71}},"17":{"start":{"line":54,"column":32},"end":{"line":54,"column":71}},"18":{"start":{"line":56,"column":39},"end":{"line":59,"column":10}},"19":{"start":{"line":61,"column":29},"end":{"line":74,"column":10}},"20":{"start":{"line":62,"column":23},"end":{"line":62,"column":33}},"21":{"start":{"line":63,"column":10},"end":{"line":73,"column":12}},"22":{"start":{"line":76,"column":29},"end":{"line":85,"column":10}},"23":{"start":{"line":77,"column":23},"end":{"line":77,"column":33}},"24":{"start":{"line":78,"column":10},"end":{"line":84,"column":12}},"25":{"start":{"line":87,"column":8},"end":{"line":87,"column":31}},"26":{"start":{"line":88,"column":8},"end":{"line":88,"column":31}},"27":{"start":{"line":90,"column":8},"end":{"line":90,"column":56}},"28":{"start":{"line":91,"column":8},"end":{"line":91,"column":45}},"29":{"start":{"line":95,"column":4},"end":{"line":95,"column":16}},"30":{"start":{"line":98,"column":20},"end":{"line":114,"column":16}},"31":{"start":{"line":99,"column":59},"end":{"line":99,"column":69}},"32":{"start":{"line":100,"column":4},"end":{"line":100,"column":35}},"33":{"start":{"line":100,"column":28},"end":{"line":100,"column":35}},"34":{"start":{"line":102,"column":4},"end":{"line":113,"column":7}},"35":{"start":{"line":102,"column":22},"end":{"line":113,"column":5}},"36":{"start":{"line":116,"column":2},"end":{"line":116,"column":68}},"37":{"start":{"line":116,"column":13},"end":{"line":116,"column":68}},"38":{"start":{"line":118,"column":2},"end":{"line":135,"column":4}}},"fnMap":{"0":{"name":"(anonymous_0)","decl":{"start":{"line":34,"column":18},"end":{"line":34,"column":19}},"loc":{"start":{"line":34,"column":24},"end":{"line":136,"column":1}},"line":34},"1":{"name":"(anonymous_1)","decl":{"start":{"line":40,"column":12},"end":{"line":40,"column":13}},"loc":{"start":{"line":40,"column":18},"end":{"line":96,"column":3}},"line":40},"2":{"name":"(anonymous_2)","decl":{"start":{"line":41,"column":22},"end":{"line":41,"column":23}},"loc":{"start":{"line":41,"column":34},"end":{"line":93,"column":5}},"line":41},"3":{"name":"(anonymous_3)","decl":{"start":{"line":61,"column":48},"end":{"line":61,"column":49}},"loc":{"start":{"line":61,"column":57},"end":{"line":74,"column":9}},"line":61},"4":{"name":"(anonymous_4)","decl":{"start":{"line":76,"column":48},"end":{"line":76,"column":49}},"loc":{"start":{"line":76,"column":57},"end":{"line":85,"column":9}},"line":76},"5":{"name":"(anonymous_5)","decl":{"start":{"line":98,"column":32},"end":{"line":98,"column":33}},"loc":{"start":{"line":98,"column":60},"end":{"line":114,"column":3}},"line":98},"6":{"name":"(anonymous_6)","decl":{"start":{"line":102,"column":13},"end":{"line":102,"column":14}},"loc":{"start":{"line":102,"column":22},"end":{"line":113,"column":5}},"line":102}},"branchMap":{"0":{"loc":{"start":{"line":42,"column":6},"end":{"line":42,"column":26}},"type":"if","locations":[{"start":{"line":42,"column":6},"end":{"line":42,"column":26}},{"start":{},"end":{}}],"line":42},"1":{"loc":{"start":{"line":48,"column":8},"end":{"line":51,"column":9}},"type":"if","locations":[{"start":{"line":48,"column":8},"end":{"line":51,"column":9}},{"start":{},"end":{}}],"line":48},"2":{"loc":{"start":{"line":65,"column":22},"end":{"line":65,"column":53}},"type":"binary-expr","locations":[{"start":{"line":65,"column":22},"end":{"line":65,"column":35}},{"start":{"line":65,"column":39},"end":{"line":65,"column":53}}],"line":65},"3":{"loc":{"start":{"line":66,"column":27},"end":{"line":66,"column":47}},"type":"binary-expr","locations":[{"start":{"line":66,"column":27},"end":{"line":66,"column":37}},{"start":{"line":66,"column":41},"end":{"line":66,"column":47}}],"line":66},"4":{"loc":{"start":{"line":68,"column":31},"end":{"line":68,"column":64}},"type":"binary-expr","locations":[{"start":{"line":68,"column":31},"end":{"line":68,"column":54}},{"start":{"line":68,"column":58},"end":{"line":68,"column":64}}],"line":68},"5":{"loc":{"start":{"line":100,"column":4},"end":{"line":100,"column":35}},"type":"if","locations":[{"start":{"line":100,"column":4},"end":{"line":100,"column":35}},{"start":{},"end":{}}],"line":100},"6":{"loc":{"start":{"line":100,"column":8},"end":{"line":100,"column":26}},"type":"binary-expr","locations":[{"start":{"line":100,"column":8},"end":{"line":100,"column":15}},{"start":{"line":100,"column":19},"end":{"line":100,"column":26}}],"line":100},"7":{"loc":{"start":{"line":108,"column":22},"end":{"line":108,"column":47}},"type":"binary-expr","locations":[{"start":{"line":108,"column":22},"end":{"line":108,"column":34}},{"start":{"line":108,"column":38},"end":{"line":108,"column":47}}],"line":108},"8":{"loc":{"start":{"line":109,"column":22},"end":{"line":109,"column":47}},"type":"binary-expr","locations":[{"start":{"line":109,"column":22},"end":{"line":109,"column":34}},{"start":{"line":109,"column":38},"end":{"line":109,"column":47}}],"line":109},"9":{"loc":{"start":{"line":116,"column":2},"end":{"line":116,"column":68}},"type":"if","locations":[{"start":{"line":116,"column":2},"end":{"line":116,"column":68}},{"start":{},"end":{}}],"line":116}},"s":{"0":1,"1":1,"2":0,"3":0,"4":0,"5":0,"6":0,"7":0,"8":0,"9":0,"10":0,"11":0,"12":0,"13":0,"14":0,"15":0,"16":0,"17":0,"18":0,"19":0,"20":0,"21":0,"22":0,"23":0,"24":0,"25":0,"26":0,"27":0,"28":0,"29":0,"30":0,"31":0,"32":0,"33":0,"34":0,"35":0,"36":0,"37":0,"38":0},"f":{"0":0,"1":0,"2":0,"3":0,"4":0,"5":0,"6":0},"b":{"0":[0,0],"1":[0,0],"2":[0,0],"3":[0,0],"4":[0,0],"5":[0,0],"6":[0,0],"7":[0,0],"8":[0,0],"9":[0,0]},"_coverageSchema":"1a1c01bbd47fc00a2c39e90264f33305004495a9","hash":"9d512c4d07865f3c193de4e1994b6f0c0264fc05"}
,"/workspaces/YggdraSkillWebApp/src/TestCrashButton.tsx": {"path":"/workspaces/YggdraSkillWebApp/src/TestCrashButton.tsx","statementMap":{"0":{"start":{"line":3,"column":24},"end":{"line":26,"column":1}},"1":{"start":{"line":4,"column":40},"end":{"line":4,"column":55}},"2":{"start":{"line":6,"column":2},"end":{"line":8,"column":3}},"3":{"start":{"line":7,"column":4},"end":{"line":7,"column":57}},"4":{"start":{"line":10,"column":2},"end":{"line":25,"column":4}},"5":{"start":{"line":12,"column":21},"end":{"line":12,"column":41}}},"fnMap":{"0":{"name":"(anonymous_0)","decl":{"start":{"line":3,"column":24},"end":{"line":3,"column":25}},"loc":{"start":{"line":3,"column":30},"end":{"line":26,"column":1}},"line":3},"1":{"name":"(anonymous_1)","decl":{"start":{"line":12,"column":15},"end":{"line":12,"column":16}},"loc":{"start":{"line":12,"column":21},"end":{"line":12,"column":41}},"line":12}},"branchMap":{"0":{"loc":{"start":{"line":6,"column":2},"end":{"line":8,"column":3}},"type":"if","locations":[{"start":{"line":6,"column":2},"end":{"line":8,"column":3}},{"start":{},"end":{}}],"line":6}},"s":{"0":2,"1":2,"2":2,"3":0,"4":2,"5":0},"f":{"0":2,"1":0},"b":{"0":[0,2]},"_coverageSchema":"1a1c01bbd47fc00a2c39e90264f33305004495a9","hash":"d8e1e3b210025620cea84a573867a2e81856a07d"}
,"/workspaces/YggdraSkillWebApp/src/authErrorHandler.ts": {"path":"/workspaces/YggdraSkillWebApp/src/authErrorHandler.ts","statementMap":{"0":{"start":{"line":3,"column":35},"end":{"line":14,"column":1}},"1":{"start":{"line":4,"column":43},"end":{"line":11,"column":3}},"2":{"start":{"line":13,"column":2},"end":{"line":13,"column":89}}},"fnMap":{"0":{"name":"(anonymous_0)","decl":{"start":{"line":3,"column":35},"end":{"line":3,"column":36}},"loc":{"start":{"line":3,"column":64},"end":{"line":14,"column":1}},"line":3}},"branchMap":{"0":{"loc":{"start":{"line":13,"column":9},"end":{"line":13,"column":88}},"type":"binary-expr","locations":[{"start":{"line":13,"column":9},"end":{"line":13,"column":29}},{"start":{"line":13,"column":33},"end":{"line":13,"column":88}}],"line":13}},"s":{"0":1,"1":0,"2":0},"f":{"0":0},"b":{"0":[0,0]},"_coverageSchema":"1a1c01bbd47fc00a2c39e90264f33305004495a9","hash":"56445202b1aebb6596f59bf0322eb5c0585634c6"}
,"/workspaces/YggdraSkillWebApp/src/firebaseConfig.ts": {"path":"/workspaces/YggdraSkillWebApp/src/firebaseConfig.ts","statementMap":{"0":{"start":{"line":8,"column":23},"end":{"line":16,"column":1}},"1":{"start":{"line":18,"column":12},"end":{"line":18,"column":41}},"2":{"start":{"line":19,"column":13},"end":{"line":19,"column":25}},"3":{"start":{"line":20,"column":11},"end":{"line":20,"column":28}},"4":{"start":{"line":23,"column":0},"end":{"line":27,"column":3}},"5":{"start":{"line":24,"column":2},"end":{"line":26,"column":3}},"6":{"start":{"line":25,"column":4},"end":{"line":25,"column":34}}},"fnMap":{"0":{"name":"(anonymous_0)","decl":{"start":{"line":23,"column":19},"end":{"line":23,"column":20}},"loc":{"start":{"line":23,"column":34},"end":{"line":27,"column":1}},"line":23}},"branchMap":{"0":{"loc":{"start":{"line":24,"column":2},"end":{"line":26,"column":3}},"type":"if","locations":[{"start":{"line":24,"column":2},"end":{"line":26,"column":3}},{"start":{},"end":{}}],"line":24}},"s":{"0":4,"1":4,"2":4,"3":4,"4":4,"5":4,"6":0},"f":{"0":4},"b":{"0":[0,4]},"_coverageSchema":"1a1c01bbd47fc00a2c39e90264f33305004495a9","hash":"429373f136dbcfebd661b5507804c650fe5f2891"}
,"/workspaces/YggdraSkillWebApp/src/store.ts": {"path":"/workspaces/YggdraSkillWebApp/src/store.ts","statementMap":{"0":{"start":{"line":9,"column":20},"end":{"line":13,"column":2}},"1":{"start":{"line":16,"column":22},"end":{"line":19,"column":1}},"2":{"start":{"line":22,"column":25},"end":{"line":22,"column":67}},"3":{"start":{"line":25,"column":14},"end":{"line":34,"column":2}},"4":{"start":{"line":28,"column":4},"end":{"line":33,"column":6}},"5":{"start":{"line":36,"column":25},"end":{"line":36,"column":44}}},"fnMap":{"0":{"name":"(anonymous_0)","decl":{"start":{"line":27,"column":14},"end":{"line":27,"column":15}},"loc":{"start":{"line":28,"column":4},"end":{"line":33,"column":6}},"line":28}},"branchMap":{},"s":{"0":2,"1":2,"2":2,"3":2,"4":2,"5":2},"f":{"0":2},"b":{},"_coverageSchema":"1a1c01bbd47fc00a2c39e90264f33305004495a9","hash":"1059d5d1f8584bd801857a16135a6ce74dc6b758"}
,"/workspaces/YggdraSkillWebApp/src/features/auth/authSlice.ts": {"path":"/workspaces/YggdraSkillWebApp/src/features/auth/authSlice.ts","statementMap":{"0":{"start":{"line":9,"column":32},"end":{"line":13,"column":1}},"1":{"start":{"line":15,"column":18},"end":{"line":29,"column":2}},"2":{"start":{"line":20,"column":6},"end":{"line":20,"column":41}},"3":{"start":{"line":23,"column":6},"end":{"line":23,"column":34}},"4":{"start":{"line":26,"column":6},"end":{"line":26,"column":38}},"5":{"start":{"line":31,"column":65},"end":{"line":31,"column":82}}},"fnMap":{"0":{"name":"(anonymous_0)","decl":{"start":{"line":19,"column":4},"end":{"line":19,"column":5}},"loc":{"start":{"line":19,"column":61},"end":{"line":21,"column":5}},"line":19},"1":{"name":"(anonymous_1)","decl":{"start":{"line":22,"column":4},"end":{"line":22,"column":5}},"loc":{"start":{"line":22,"column":50},"end":{"line":24,"column":5}},"line":22},"2":{"name":"(anonymous_2)","decl":{"start":{"line":25,"column":4},"end":{"line":25,"column":5}},"loc":{"start":{"line":25,"column":54},"end":{"line":27,"column":5}},"line":25}},"branchMap":{},"s":{"0":5,"1":5,"2":2,"3":2,"4":2,"5":5},"f":{"0":2,"1":2,"2":2},"b":{},"_coverageSchema":"1a1c01bbd47fc00a2c39e90264f33305004495a9","hash":"668575d97ed62a144d783eeea1b523de82e2e75a"}
,"/workspaces/YggdraSkillWebApp/src/features/progress/progressSlice.ts": {"path":"/workspaces/YggdraSkillWebApp/src/features/progress/progressSlice.ts","statementMap":{"0":{"start":{"line":8,"column":36},"end":{"line":10,"column":1}},"1":{"start":{"line":12,"column":22},"end":{"line":39,"column":2}},"2":{"start":{"line":24,"column":44},"end":{"line":24,"column":58}},"3":{"start":{"line":26,"column":6},"end":{"line":28,"column":7}},"4":{"start":{"line":27,"column":8},"end":{"line":27,"column":27}},"5":{"start":{"line":30,"column":6},"end":{"line":30,"column":76}},"6":{"start":{"line":33,"column":6},"end":{"line":33,"column":35}},"7":{"start":{"line":36,"column":6},"end":{"line":36,"column":25}},"8":{"start":{"line":41,"column":54},"end":{"line":41,"column":75}}},"fnMap":{"0":{"name":"(anonymous_0)","decl":{"start":{"line":16,"column":18},"end":{"line":16,"column":19}},"loc":{"start":{"line":23,"column":9},"end":{"line":31,"column":5}},"line":23},"1":{"name":"(anonymous_1)","decl":{"start":{"line":32,"column":14},"end":{"line":32,"column":15}},"loc":{"start":{"line":32,"column":56},"end":{"line":34,"column":5}},"line":32},"2":{"name":"(anonymous_2)","decl":{"start":{"line":35,"column":16},"end":{"line":35,"column":17}},"loc":{"start":{"line":35,"column":27},"end":{"line":37,"column":5}},"line":35}},"branchMap":{"0":{"loc":{"start":{"line":26,"column":6},"end":{"line":28,"column":7}},"type":"if","locations":[{"start":{"line":26,"column":6},"end":{"line":28,"column":7}},{"start":{},"end":{}}],"line":26},"1":{"loc":{"start":{"line":26,"column":10},"end":{"line":26,"column":69}},"type":"binary-expr","locations":[{"start":{"line":26,"column":10},"end":{"line":26,"column":43}},{"start":{"line":26,"column":47},"end":{"line":26,"column":69}}],"line":26}},"s":{"0":4,"1":4,"2":0,"3":0,"4":0,"5":0,"6":0,"7":0,"8":4},"f":{"0":0,"1":0,"2":0},"b":{"0":[0,0],"1":[0,0]},"_coverageSchema":"1a1c01bbd47fc00a2c39e90264f33305004495a9","hash":"f5fcffbda01502a8f8e8e2ba41b8bb0560021964"}
,"/workspaces/YggdraSkillWebApp/src/features/subskills/subskillsSlice.ts": {"path":"/workspaces/YggdraSkillWebApp/src/features/subskills/subskillsSlice.ts","statementMap":{"0":{"start":{"line":11,"column":37},"end":{"line":13,"column":1}},"1":{"start":{"line":15,"column":23},"end":{"line":43,"column":2}},"2":{"start":{"line":23,"column":36},"end":{"line":23,"column":50}},"3":{"start":{"line":24,"column":6},"end":{"line":24,"column":32}},"4":{"start":{"line":30,"column":35},"end":{"line":30,"column":49}},"5":{"start":{"line":31,"column":31},"end":{"line":31,"column":64}},"6":{"start":{"line":32,"column":6},"end":{"line":34,"column":42}},"7":{"start":{"line":33,"column":41},"end":{"line":33,"column":55}},"8":{"start":{"line":37,"column":6},"end":{"line":37,"column":35}},"9":{"start":{"line":40,"column":6},"end":{"line":40,"column":25}},"10":{"start":{"line":50,"column":4},"end":{"line":50,"column":26}},"11":{"start":{"line":53,"column":2},"end":{"line":89,"column":3}},"12":{"start":{"line":54,"column":2},"end":{"line":89,"column":3}},"13":{"start":{"line":55,"column":4},"end":{"line":87,"column":5}},"14":{"start":{"line":56,"column":33},"end":{"line":56,"column":72}},"15":{"start":{"line":57,"column":24},"end":{"line":57,"column":57}},"16":{"start":{"line":59,"column":24},"end":{"line":64,"column":37}},"17":{"start":{"line":60,"column":23},"end":{"line":63,"column":9}},"18":{"start":{"line":64,"column":21},"end":{"line":64,"column":36}},"19":{"start":{"line":66,"column":6},"end":{"line":68,"column":7}},"20":{"start":{"line":67,"column":8},"end":{"line":67,"column":80}},"21":{"start":{"line":70,"column":6},"end":{"line":75,"column":8}},"22":{"start":{"line":76,"column":6},"end":{"line":76,"column":29}},"23":{"start":{"line":78,"column":25},"end":{"line":78,"column":53}},"24":{"start":{"line":79,"column":6},"end":{"line":83,"column":7}},"25":{"start":{"line":80,"column":8},"end":{"line":80,"column":70}},"26":{"start":{"line":81,"column":13},"end":{"line":83,"column":7}},"27":{"start":{"line":82,"column":8},"end":{"line":82,"column":37}},"28":{"start":{"line":85,"column":6},"end":{"line":85,"column":54}},"29":{"start":{"line":86,"column":6},"end":{"line":86,"column":39}}},"fnMap":{"0":{"name":"(anonymous_0)","decl":{"start":{"line":19,"column":25},"end":{"line":19,"column":26}},"loc":{"start":{"line":22,"column":9},"end":{"line":25,"column":5}},"line":22},"1":{"name":"(anonymous_1)","decl":{"start":{"line":26,"column":20},"end":{"line":26,"column":21}},"loc":{"start":{"line":29,"column":9},"end":{"line":35,"column":5}},"line":29},"2":{"name":"(anonymous_2)","decl":{"start":{"line":33,"column":34},"end":{"line":33,"column":35}},"loc":{"start":{"line":33,"column":41},"end":{"line":33,"column":55}},"line":33},"3":{"name":"(anonymous_3)","decl":{"start":{"line":36,"column":14},"end":{"line":36,"column":15}},"loc":{"start":{"line":36,"column":56},"end":{"line":38,"column":5}},"line":36},"4":{"name":"(anonymous_4)","decl":{"start":{"line":39,"column":16},"end":{"line":39,"column":17}},"loc":{"start":{"line":39,"column":27},"end":{"line":41,"column":5}},"line":39},"5":{"name":"(anonymous_5)","decl":{"start":{"line":53,"column":2},"end":{"line":53,"column":3}},"loc":{"start":{"line":54,"column":2},"end":{"line":89,"column":3}},"line":54},"6":{"name":"(anonymous_6)","decl":{"start":{"line":54,"column":2},"end":{"line":54,"column":3}},"loc":{"start":{"line":54,"column":27},"end":{"line":89,"column":3}},"line":54},"7":{"name":"(anonymous_7)","decl":{"start":{"line":60,"column":13},"end":{"line":60,"column":14}},"loc":{"start":{"line":60,"column":23},"end":{"line":63,"column":9}},"line":60},"8":{"name":"(anonymous_8)","decl":{"start":{"line":64,"column":14},"end":{"line":64,"column":15}},"loc":{"start":{"line":64,"column":21},"end":{"line":64,"column":36}},"line":64}},"branchMap":{"0":{"loc":{"start":{"line":31,"column":31},"end":{"line":31,"column":64}},"type":"binary-expr","locations":[{"start":{"line":31,"column":32},"end":{"line":31,"column":57}},{"start":{"line":31,"column":62},"end":{"line":31,"column":64}}],"line":31},"1":{"loc":{"start":{"line":32,"column":22},"end":{"line":34,"column":41}},"type":"cond-expr","locations":[{"start":{"line":33,"column":10},"end":{"line":33,"column":56}},{"start":{"line":34,"column":10},"end":{"line":34,"column":41}}],"line":32},"2":{"loc":{"start":{"line":66,"column":6},"end":{"line":68,"column":7}},"type":"if","locations":[{"start":{"line":66,"column":6},"end":{"line":68,"column":7}},{"start":{},"end":{}}],"line":66},"3":{"loc":{"start":{"line":66,"column":10},"end":{"line":66,"column":44}},"type":"binary-expr","locations":[{"start":{"line":66,"column":10},"end":{"line":66,"column":20}},{"start":{"line":66,"column":24},"end":{"line":66,"column":44}}],"line":66},"4":{"loc":{"start":{"line":79,"column":6},"end":{"line":83,"column":7}},"type":"if","locations":[{"start":{"line":79,"column":6},"end":{"line":83,"column":7}},{"start":{"line":81,"column":13},"end":{"line":83,"column":7}}],"line":79},"5":{"loc":{"start":{"line":79,"column":10},"end":{"line":79,"column":106}},"type":"binary-expr","locations":[{"start":{"line":79,"column":10},"end":{"line":79,"column":35}},{"start":{"line":79,"column":39},"end":{"line":79,"column":53}},{"start":{"line":79,"column":57},"end":{"line":79,"column":72}},{"start":{"line":79,"column":76},"end":{"line":79,"column":106}}],"line":79},"6":{"loc":{"start":{"line":81,"column":13},"end":{"line":83,"column":7}},"type":"if","locations":[{"start":{"line":81,"column":13},"end":{"line":83,"column":7}},{"start":{},"end":{}}],"line":81}},"s":{"0":4,"1":4,"2":0,"3":0,"4":0,"5":0,"6":0,"7":0,"8":0,"9":0,"10":4,"11":4,"12":0,"13":0,"14":0,"15":0,"16":0,"17":0,"18":0,"19":0,"20":0,"21":0,"22":0,"23":0,"24":0,"25":0,"26":0,"27":0,"28":0,"29":0},"f":{"0":0,"1":0,"2":0,"3":0,"4":0,"5":0,"6":0,"7":0,"8":0},"b":{"0":[0,0],"1":[0,0],"2":[0,0],"3":[0,0],"4":[0,0],"5":[0,0,0,0],"6":[0,0]},"_coverageSchema":"1a1c01bbd47fc00a2c39e90264f33305004495a9","hash":"e8c3161a64e2d8e4d0897617d41957b7881b8450"}
}
