{"/workspaces/YggdraSkillWebApp/src/App.tsx": {"path":"/workspaces/YggdraSkillWebApp/src/App.tsx","statementMap":{"0":{"start":{"line":13,"column":12},"end":{"line":31,"column":1}},"1":{"start":{"line":14,"column":2},"end":{"line":30,"column":4}}},"fnMap":{"0":{"name":"(anonymous_0)","decl":{"start":{"line":13,"column":12},"end":{"line":13,"column":13}},"loc":{"start":{"line":13,"column":18},"end":{"line":31,"column":1}},"line":13}},"branchMap":{},"s":{"0":1,"1":1},"f":{"0":1},"b":{},"_coverageSchema":"1a1c01bbd47fc00a2c39e90264f33305004495a9","hash":"508c25bd76e7fcff36d9b868d5a7f1837f7771b8"}
,"/workspaces/YggdraSkillWebApp/src/AuthProgressContext.tsx": {"path":"/workspaces/YggdraSkillWebApp/src/AuthProgressContext.tsx","statementMap":{"0":{"start":{"line":14,"column":28},"end":{"line":14,"column":47}},"1":{"start":{"line":17,"column":36},"end":{"line":57,"column":1}},"2":{"start":{"line":18,"column":19},"end":{"line":18,"column":32}},"3":{"start":{"line":20,"column":2},"end":{"line":50,"column":17}},"4":{"start":{"line":21,"column":24},"end":{"line":47,"column":6}},"5":{"start":{"line":22,"column":6},"end":{"line":44,"column":7}},"6":{"start":{"line":23,"column":8},"end":{"line":41,"column":9}},"7":{"start":{"line":24,"column":35},"end":{"line":29,"column":11}},"8":{"start":{"line":31,"column":10},"end":{"line":31,"column":49}},"9":{"start":{"line":33,"column":25},"end":{"line":33,"column":61}},"10":{"start":{"line":34,"column":26},"end":{"line":34,"column":46}},"11":{"start":{"line":36,"column":10},"end":{"line":38,"column":11}},"12":{"start":{"line":37,"column":12},"end":{"line":37,"column":62}},"13":{"start":{"line":40,"column":10},"end":{"line":40,"column":37}},"14":{"start":{"line":43,"column":8},"end":{"line":43,"column":75}},"15":{"start":{"line":46,"column":6},"end":{"line":46,"column":40}},"16":{"start":{"line":49,"column":4},"end":{"line":49,"column":31}},"17":{"start":{"line":49,"column":17},"end":{"line":49,"column":30}},"18":{"start":{"line":52,"column":2},"end":{"line":56,"column":4}},"19":{"start":{"line":60,"column":31},"end":{"line":68,"column":1}},"20":{"start":{"line":61,"column":18},"end":{"line":61,"column":49}},"21":{"start":{"line":62,"column":2},"end":{"line":66,"column":3}},"22":{"start":{"line":63,"column":4},"end":{"line":65,"column":6}},"23":{"start":{"line":67,"column":2},"end":{"line":67,"column":17}}},"fnMap":{"0":{"name":"(anonymous_0)","decl":{"start":{"line":17,"column":36},"end":{"line":17,"column":37}},"loc":{"start":{"line":17,"column":54},"end":{"line":57,"column":1}},"line":17},"1":{"name":"(anonymous_1)","decl":{"start":{"line":20,"column":12},"end":{"line":20,"column":13}},"loc":{"start":{"line":20,"column":18},"end":{"line":50,"column":3}},"line":20},"2":{"name":"(anonymous_2)","decl":{"start":{"line":21,"column":49},"end":{"line":21,"column":50}},"loc":{"start":{"line":21,"column":72},"end":{"line":47,"column":5}},"line":21},"3":{"name":"(anonymous_3)","decl":{"start":{"line":49,"column":11},"end":{"line":49,"column":12}},"loc":{"start":{"line":49,"column":17},"end":{"line":49,"column":30}},"line":49},"4":{"name":"(anonymous_4)","decl":{"start":{"line":60,"column":31},"end":{"line":60,"column":32}},"loc":{"start":{"line":60,"column":37},"end":{"line":68,"column":1}},"line":60}},"branchMap":{"0":{"loc":{"start":{"line":23,"column":8},"end":{"line":41,"column":9}},"type":"if","locations":[{"start":{"line":23,"column":8},"end":{"line":41,"column":9}},{"start":{"line":39,"column":15},"end":{"line":41,"column":9}}],"line":23},"1":{"loc":{"start":{"line":36,"column":10},"end":{"line":38,"column":11}},"type":"if","locations":[{"start":{"line":36,"column":10},"end":{"line":38,"column":11}},{"start":{},"end":{}}],"line":36},"2":{"loc":{"start":{"line":62,"column":2},"end":{"line":66,"column":3}},"type":"if","locations":[{"start":{"line":62,"column":2},"end":{"line":66,"column":3}},{"start":{},"end":{}}],"line":62}},"s":{"0":1,"1":1,"2":0,"3":0,"4":0,"5":0,"6":0,"7":0,"8":0,"9":0,"10":0,"11":0,"12":0,"13":0,"14":0,"15":0,"16":0,"17":0,"18":0,"19":1,"20":0,"21":0,"22":0,"23":0},"f":{"0":0,"1":0,"2":0,"3":0,"4":0},"b":{"0":[0,0],"1":[0,0],"2":[0,0]},"_coverageSchema":"1a1c01bbd47fc00a2c39e90264f33305004495a9","hash":"9c1a678e9124e05c870ff194458cec2b4f69b5f7"}
,"/workspaces/YggdraSkillWebApp/src/Banner.tsx": {"path":"/workspaces/YggdraSkillWebApp/src/Banner.tsx","statementMap":{"0":{"start":{"line":7,"column":15},"end":{"line":120,"column":1}},"1":{"start":{"line":8,"column":26},"end":{"line":8,"column":40}},"2":{"start":{"line":9,"column":40},"end":{"line":9,"column":52}},"3":{"start":{"line":10,"column":44},"end":{"line":10,"column":56}},"4":{"start":{"line":11,"column":40},"end":{"line":11,"column":52}},"5":{"start":{"line":12,"column":19},"end":{"line":12,"column":32}},"6":{"start":{"line":14,"column":2},"end":{"line":20,"column":9}},"7":{"start":{"line":15,"column":24},"end":{"line":17,"column":6}},"8":{"start":{"line":16,"column":6},"end":{"line":16,"column":27}},"9":{"start":{"line":19,"column":4},"end":{"line":19,"column":31}},"10":{"start":{"line":19,"column":17},"end":{"line":19,"column":30}},"11":{"start":{"line":22,"column":23},"end":{"line":30,"column":3}},"12":{"start":{"line":23,"column":4},"end":{"line":29,"column":5}},"13":{"start":{"line":24,"column":6},"end":{"line":24,"column":26}},"14":{"start":{"line":25,"column":6},"end":{"line":25,"column":40}},"15":{"start":{"line":26,"column":6},"end":{"line":26,"column":20}},"16":{"start":{"line":28,"column":6},"end":{"line":28,"column":49}},"17":{"start":{"line":32,"column":23},"end":{"line":64,"column":3}},"18":{"start":{"line":33,"column":4},"end":{"line":33,"column":26}},"19":{"start":{"line":34,"column":4},"end":{"line":34,"column":56}},"20":{"start":{"line":36,"column":4},"end":{"line":63,"column":5}},"21":{"start":{"line":37,"column":6},"end":{"line":60,"column":7}},"22":{"start":{"line":38,"column":25},"end":{"line":38,"column":51}},"23":{"start":{"line":39,"column":21},"end":{"line":39,"column":42}},"24":{"start":{"line":40,"column":24},"end":{"line":48,"column":53}},"25":{"start":{"line":43,"column":14},"end":{"line":46,"column":15}},"26":{"start":{"line":45,"column":16},"end":{"line":45,"column":77}},"27":{"start":{"line":48,"column":34},"end":{"line":48,"column":51}},"28":{"start":{"line":50,"column":8},"end":{"line":50,"column":69}},"29":{"start":{"line":51,"column":8},"end":{"line":53,"column":9}},"30":{"start":{"line":52,"column":10},"end":{"line":52,"column":65}},"31":{"start":{"line":55,"column":8},"end":{"line":55,"column":34}},"32":{"start":{"line":56,"column":8},"end":{"line":56,"column":27}},"33":{"start":{"line":58,"column":8},"end":{"line":58,"column":63}},"34":{"start":{"line":59,"column":8},"end":{"line":59,"column":78}},"35":{"start":{"line":62,"column":6},"end":{"line":62,"column":27}},"36":{"start":{"line":66,"column":2},"end":{"line":119,"column":4}},"37":{"start":{"line":82,"column":33},"end":{"line":82,"column":61}},"38":{"start":{"line":89,"column":22},"end":{"line":94,"column":27}},"39":{"start":{"line":91,"column":39},"end":{"line":91,"column":68}}},"fnMap":{"0":{"name":"(anonymous_0)","decl":{"start":{"line":7,"column":15},"end":{"line":7,"column":16}},"loc":{"start":{"line":7,"column":21},"end":{"line":120,"column":1}},"line":7},"1":{"name":"(anonymous_1)","decl":{"start":{"line":14,"column":12},"end":{"line":14,"column":13}},"loc":{"start":{"line":14,"column":18},"end":{"line":20,"column":3}},"line":14},"2":{"name":"(anonymous_2)","decl":{"start":{"line":15,"column":49},"end":{"line":15,"column":50}},"loc":{"start":{"line":15,"column":66},"end":{"line":17,"column":5}},"line":15},"3":{"name":"(anonymous_3)","decl":{"start":{"line":19,"column":11},"end":{"line":19,"column":12}},"loc":{"start":{"line":19,"column":17},"end":{"line":19,"column":30}},"line":19},"4":{"name":"(anonymous_4)","decl":{"start":{"line":22,"column":23},"end":{"line":22,"column":24}},"loc":{"start":{"line":22,"column":35},"end":{"line":30,"column":3}},"line":22},"5":{"name":"(anonymous_5)","decl":{"start":{"line":32,"column":23},"end":{"line":32,"column":24}},"loc":{"start":{"line":32,"column":40},"end":{"line":64,"column":3}},"line":32},"6":{"name":"(anonymous_6)","decl":{"start":{"line":42,"column":12},"end":{"line":42,"column":13}},"loc":{"start":{"line":43,"column":14},"end":{"line":46,"column":15}},"line":43},"7":{"name":"(anonymous_7)","decl":{"start":{"line":44,"column":31},"end":{"line":44,"column":32}},"loc":{"start":{"line":45,"column":16},"end":{"line":45,"column":77}},"line":45},"8":{"name":"(anonymous_8)","decl":{"start":{"line":48,"column":15},"end":{"line":48,"column":16}},"loc":{"start":{"line":48,"column":34},"end":{"line":48,"column":51}},"line":48},"9":{"name":"(anonymous_9)","decl":{"start":{"line":82,"column":26},"end":{"line":82,"column":27}},"loc":{"start":{"line":82,"column":33},"end":{"line":82,"column":61}},"line":82},"10":{"name":"(anonymous_10)","decl":{"start":{"line":88,"column":39},"end":{"line":88,"column":40}},"loc":{"start":{"line":89,"column":22},"end":{"line":94,"column":27}},"line":89},"11":{"name":"(anonymous_11)","decl":{"start":{"line":91,"column":33},"end":{"line":91,"column":34}},"loc":{"start":{"line":91,"column":39},"end":{"line":91,"column":68}},"line":91}},"branchMap":{"0":{"loc":{"start":{"line":36,"column":4},"end":{"line":63,"column":5}},"type":"if","locations":[{"start":{"line":36,"column":4},"end":{"line":63,"column":5}},{"start":{"line":61,"column":11},"end":{"line":63,"column":5}}],"line":36},"1":{"loc":{"start":{"line":43,"column":14},"end":{"line":46,"column":15}},"type":"binary-expr","locations":[{"start":{"line":43,"column":14},"end":{"line":43,"column":61}},{"start":{"line":44,"column":14},"end":{"line":46,"column":15}}],"line":43},"2":{"loc":{"start":{"line":51,"column":8},"end":{"line":53,"column":9}},"type":"if","locations":[{"start":{"line":51,"column":8},"end":{"line":53,"column":9}},{"start":{},"end":{}}],"line":51},"3":{"loc":{"start":{"line":72,"column":9},"end":{"line":116,"column":9}},"type":"cond-expr","locations":[{"start":{"line":73,"column":10},"end":{"line":110,"column":13}},{"start":{"line":112,"column":10},"end":{"line":115,"column":13}}],"line":72},"4":{"loc":{"start":{"line":85,"column":15},"end":{"line":98,"column":15}},"type":"binary-expr","locations":[{"start":{"line":85,"column":15},"end":{"line":85,"column":39}},{"start":{"line":86,"column":16},"end":{"line":97,"column":22}}],"line":85},"5":{"loc":{"start":{"line":99,"column":15},"end":{"line":105,"column":15}},"type":"binary-expr","locations":[{"start":{"line":99,"column":15},"end":{"line":99,"column":26}},{"start":{"line":100,"column":16},"end":{"line":104,"column":22}}],"line":99}},"s":{"0":1,"1":1,"2":1,"3":1,"4":1,"5":1,"6":1,"7":1,"8":1,"9":1,"10":1,"11":1,"12":0,"13":0,"14":0,"15":0,"16":0,"17":1,"18":0,"19":0,"20":0,"21":0,"22":0,"23":0,"24":0,"25":0,"26":0,"27":0,"28":0,"29":0,"30":0,"31":0,"32":0,"33":0,"34":0,"35":0,"36":1,"37":0,"38":0,"39":0},"f":{"0":1,"1":1,"2":1,"3":1,"4":0,"5":0,"6":0,"7":0,"8":0,"9":0,"10":0,"11":0},"b":{"0":[0,0],"1":[0,0],"2":[0,0],"3":[0,1],"4":[0,0],"5":[0,0]},"_coverageSchema":"1a1c01bbd47fc00a2c39e90264f33305004495a9","hash":"d0c7fc3e1525a27bd172cea30febcb0c0ade571e"}
,"/workspaces/YggdraSkillWebApp/src/Dashboard.tsx": {"path":"/workspaces/YggdraSkillWebApp/src/Dashboard.tsx","statementMap":{"0":{"start":{"line":8,"column":18},"end":{"line":123,"column":1}},"1":{"start":{"line":9,"column":19},"end":{"line":9,"column":32}},"2":{"start":{"line":10,"column":42},"end":{"line":10,"column":59}},"3":{"start":{"line":11,"column":28},"end":{"line":11,"column":40}},"4":{"start":{"line":12,"column":48},"end":{"line":12,"column":60}},"5":{"start":{"line":13,"column":28},"end":{"line":13,"column":40}},"6":{"start":{"line":15,"column":28},"end":{"line":24,"column":3}},"7":{"start":{"line":16,"column":4},"end":{"line":23,"column":19}},"8":{"start":{"line":18,"column":35},"end":{"line":18,"column":62}},"9":{"start":{"line":20,"column":10},"end":{"line":20,"column":75}},"10":{"start":{"line":21,"column":8},"end":{"line":21,"column":48}},"11":{"start":{"line":26,"column":2},"end":{"line":66,"column":30}},"12":{"start":{"line":27,"column":23},"end":{"line":61,"column":5}},"13":{"start":{"line":28,"column":6},"end":{"line":28,"column":66}},"14":{"start":{"line":30,"column":6},"end":{"line":60,"column":7}},"15":{"start":{"line":31,"column":30},"end":{"line":31,"column":68}},"16":{"start":{"line":32,"column":26},"end":{"line":32,"column":28}},"17":{"start":{"line":34,"column":8},"end":{"line":36,"column":11}},"18":{"start":{"line":35,"column":10},"end":{"line":35,"column":41}},"19":{"start":{"line":38,"column":8},"end":{"line":38,"column":80}},"20":{"start":{"line":40,"column":8},"end":{"line":40,"column":28}},"21":{"start":{"line":42,"column":8},"end":{"line":56,"column":9}},"22":{"start":{"line":44,"column":12},"end":{"line":44,"column":73}},"23":{"start":{"line":45,"column":10},"end":{"line":53,"column":11}},"24":{"start":{"line":46,"column":35},"end":{"line":46,"column":56}},"25":{"start":{"line":47,"column":35},"end":{"line":50,"column":13}},"26":{"start":{"line":51,"column":12},"end":{"line":51,"column":47}},"27":{"start":{"line":52,"column":12},"end":{"line":52,"column":79}},"28":{"start":{"line":55,"column":10},"end":{"line":55,"column":72}},"29":{"start":{"line":58,"column":8},"end":{"line":58,"column":74}},"30":{"start":{"line":59,"column":8},"end":{"line":59,"column":77}},"31":{"start":{"line":63,"column":4},"end":{"line":65,"column":5}},"32":{"start":{"line":64,"column":6},"end":{"line":64,"column":19}},"33":{"start":{"line":68,"column":2},"end":{"line":70,"column":3}},"34":{"start":{"line":69,"column":4},"end":{"line":69,"column":29}},"35":{"start":{"line":72,"column":2},"end":{"line":74,"column":3}},"36":{"start":{"line":73,"column":4},"end":{"line":73,"column":56}},"37":{"start":{"line":76,"column":19},"end":{"line":76,"column":43}},"38":{"start":{"line":77,"column":21},"end":{"line":77,"column":51}},"39":{"start":{"line":79,"column":26},"end":{"line":83,"column":3}},"40":{"start":{"line":80,"column":4},"end":{"line":82,"column":5}},"41":{"start":{"line":81,"column":6},"end":{"line":81,"column":38}},"42":{"start":{"line":85,"column":2},"end":{"line":122,"column":4}},"43":{"start":{"line":99,"column":14},"end":{"line":111,"column":19}},"44":{"start":{"line":101,"column":33},"end":{"line":101,"column":75}}},"fnMap":{"0":{"name":"(anonymous_0)","decl":{"start":{"line":8,"column":18},"end":{"line":8,"column":19}},"loc":{"start":{"line":8,"column":24},"end":{"line":123,"column":1}},"line":8},"1":{"name":"(anonymous_1)","decl":{"start":{"line":15,"column":28},"end":{"line":15,"column":29}},"loc":{"start":{"line":15,"column":53},"end":{"line":24,"column":3}},"line":15},"2":{"name":"(anonymous_2)","decl":{"start":{"line":17,"column":14},"end":{"line":17,"column":15}},"loc":{"start":{"line":17,"column":24},"end":{"line":22,"column":7}},"line":17},"3":{"name":"(anonymous_3)","decl":{"start":{"line":26,"column":12},"end":{"line":26,"column":13}},"loc":{"start":{"line":26,"column":18},"end":{"line":66,"column":3}},"line":26},"4":{"name":"(anonymous_4)","decl":{"start":{"line":27,"column":23},"end":{"line":27,"column":24}},"loc":{"start":{"line":27,"column":35},"end":{"line":61,"column":5}},"line":27},"5":{"name":"(anonymous_5)","decl":{"start":{"line":34,"column":30},"end":{"line":34,"column":31}},"loc":{"start":{"line":34,"column":39},"end":{"line":36,"column":9}},"line":34},"6":{"name":"(anonymous_6)","decl":{"start":{"line":79,"column":26},"end":{"line":79,"column":27}},"loc":{"start":{"line":79,"column":32},"end":{"line":83,"column":3}},"line":79},"7":{"name":"(anonymous_7)","decl":{"start":{"line":98,"column":33},"end":{"line":98,"column":34}},"loc":{"start":{"line":99,"column":14},"end":{"line":111,"column":19}},"line":99},"8":{"name":"(anonymous_8)","decl":{"start":{"line":101,"column":27},"end":{"line":101,"column":28}},"loc":{"start":{"line":101,"column":33},"end":{"line":101,"column":75}},"line":101}},"branchMap":{"0":{"loc":{"start":{"line":18,"column":35},"end":{"line":18,"column":62}},"type":"binary-expr","locations":[{"start":{"line":18,"column":35},"end":{"line":18,"column":56}},{"start":{"line":18,"column":60},"end":{"line":18,"column":62}}],"line":18},"1":{"loc":{"start":{"line":20,"column":41},"end":{"line":20,"column":67}},"type":"binary-expr","locations":[{"start":{"line":20,"column":41},"end":{"line":20,"column":61}},{"start":{"line":20,"column":65},"end":{"line":20,"column":67}}],"line":20},"2":{"loc":{"start":{"line":21,"column":15},"end":{"line":21,"column":47}},"type":"binary-expr","locations":[{"start":{"line":21,"column":15},"end":{"line":21,"column":27}},{"start":{"line":21,"column":31},"end":{"line":21,"column":47}}],"line":21},"3":{"loc":{"start":{"line":42,"column":8},"end":{"line":56,"column":9}},"type":"if","locations":[{"start":{"line":42,"column":8},"end":{"line":56,"column":9}},{"start":{"line":54,"column":15},"end":{"line":56,"column":9}}],"line":42},"4":{"loc":{"start":{"line":42,"column":12},"end":{"line":42,"column":41}},"type":"binary-expr","locations":[{"start":{"line":42,"column":12},"end":{"line":42,"column":20}},{"start":{"line":42,"column":24},"end":{"line":42,"column":41}}],"line":42},"5":{"loc":{"start":{"line":44,"column":12},"end":{"line":44,"column":73}},"type":"binary-expr","locations":[{"start":{"line":44,"column":12},"end":{"line":44,"column":44}},{"start":{"line":44,"column":48},"end":{"line":44,"column":73}}],"line":44},"6":{"loc":{"start":{"line":45,"column":10},"end":{"line":53,"column":11}},"type":"if","locations":[{"start":{"line":45,"column":10},"end":{"line":53,"column":11}},{"start":{},"end":{}}],"line":45},"7":{"loc":{"start":{"line":45,"column":14},"end":{"line":45,"column":49}},"type":"binary-expr","locations":[{"start":{"line":45,"column":14},"end":{"line":45,"column":24}},{"start":{"line":45,"column":28},"end":{"line":45,"column":49}}],"line":45},"8":{"loc":{"start":{"line":49,"column":14},"end":{"line":49,"column":40}},"type":"binary-expr","locations":[{"start":{"line":49,"column":14},"end":{"line":49,"column":34}},{"start":{"line":49,"column":38},"end":{"line":49,"column":40}}],"line":49},"9":{"loc":{"start":{"line":63,"column":4},"end":{"line":65,"column":5}},"type":"if","locations":[{"start":{"line":63,"column":4},"end":{"line":65,"column":5}},{"start":{},"end":{}}],"line":63},"10":{"loc":{"start":{"line":63,"column":8},"end":{"line":63,"column":31}},"type":"binary-expr","locations":[{"start":{"line":63,"column":8},"end":{"line":63,"column":19}},{"start":{"line":63,"column":23},"end":{"line":63,"column":31}}],"line":63},"11":{"loc":{"start":{"line":68,"column":2},"end":{"line":70,"column":3}},"type":"if","locations":[{"start":{"line":68,"column":2},"end":{"line":70,"column":3}},{"start":{},"end":{}}],"line":68},"12":{"loc":{"start":{"line":72,"column":2},"end":{"line":74,"column":3}},"type":"if","locations":[{"start":{"line":72,"column":2},"end":{"line":74,"column":3}},{"start":{},"end":{}}],"line":72},"13":{"loc":{"start":{"line":76,"column":19},"end":{"line":76,"column":43}},"type":"binary-expr","locations":[{"start":{"line":76,"column":19},"end":{"line":76,"column":37}},{"start":{"line":76,"column":41},"end":{"line":76,"column":43}}],"line":76},"14":{"loc":{"start":{"line":77,"column":21},"end":{"line":77,"column":51}},"type":"binary-expr","locations":[{"start":{"line":77,"column":21},"end":{"line":77,"column":45}},{"start":{"line":77,"column":49},"end":{"line":77,"column":51}}],"line":77},"15":{"loc":{"start":{"line":80,"column":4},"end":{"line":82,"column":5}},"type":"if","locations":[{"start":{"line":80,"column":4},"end":{"line":82,"column":5}},{"start":{},"end":{}}],"line":80},"16":{"loc":{"start":{"line":88,"column":7},"end":{"line":92,"column":7}},"type":"binary-expr","locations":[{"start":{"line":88,"column":7},"end":{"line":88,"column":12}},{"start":{"line":89,"column":8},"end":{"line":91,"column":12}}],"line":88},"17":{"loc":{"start":{"line":93,"column":7},"end":{"line":120,"column":7}},"type":"cond-expr","locations":[{"start":{"line":94,"column":8},"end":{"line":117,"column":11}},{"start":{"line":119,"column":8},"end":{"line":119,"column":49}}],"line":93},"18":{"loc":{"start":{"line":105,"column":21},"end":{"line":105,"column":55}},"type":"binary-expr","locations":[{"start":{"line":105,"column":21},"end":{"line":105,"column":37}},{"start":{"line":105,"column":41},"end":{"line":105,"column":55}}],"line":105},"19":{"loc":{"start":{"line":108,"column":45},"end":{"line":108,"column":74}},"type":"binary-expr","locations":[{"start":{"line":108,"column":45},"end":{"line":108,"column":61}},{"start":{"line":108,"column":65},"end":{"line":108,"column":74}}],"line":108}},"s":{"0":1,"1":0,"2":0,"3":0,"4":0,"5":0,"6":0,"7":0,"8":0,"9":0,"10":0,"11":0,"12":0,"13":0,"14":0,"15":0,"16":0,"17":0,"18":0,"19":0,"20":0,"21":0,"22":0,"23":0,"24":0,"25":0,"26":0,"27":0,"28":0,"29":0,"30":0,"31":0,"32":0,"33":0,"34":0,"35":0,"36":0,"37":0,"38":0,"39":0,"40":0,"41":0,"42":0,"43":0,"44":0},"f":{"0":0,"1":0,"2":0,"3":0,"4":0,"5":0,"6":0,"7":0,"8":0},"b":{"0":[0,0],"1":[0,0],"2":[0,0],"3":[0,0],"4":[0,0],"5":[0,0],"6":[0,0],"7":[0,0],"8":[0,0],"9":[0,0],"10":[0,0],"11":[0,0],"12":[0,0],"13":[0,0],"14":[0,0],"15":[0,0],"16":[0,0],"17":[0,0],"18":[0,0],"19":[0,0]},"_coverageSchema":"1a1c01bbd47fc00a2c39e90264f33305004495a9","hash":"b87f6b7cbfba16bf194c0db4df817af2f92775ce"}
,"/workspaces/YggdraSkillWebApp/src/Develop.tsx": {"path":"/workspaces/YggdraSkillWebApp/src/Develop.tsx","statementMap":{"0":{"start":{"line":5,"column":16},"end":{"line":42,"column":1}},"1":{"start":{"line":6,"column":19},"end":{"line":6,"column":32}},"2":{"start":{"line":8,"column":2},"end":{"line":41,"column":4}},"3":{"start":{"line":15,"column":27},"end":{"line":15,"column":52}},"4":{"start":{"line":21,"column":27},"end":{"line":21,"column":52}},"5":{"start":{"line":27,"column":27},"end":{"line":27,"column":54}},"6":{"start":{"line":33,"column":27},"end":{"line":33,"column":57}}},"fnMap":{"0":{"name":"(anonymous_0)","decl":{"start":{"line":5,"column":16},"end":{"line":5,"column":17}},"loc":{"start":{"line":5,"column":22},"end":{"line":42,"column":1}},"line":5},"1":{"name":"(anonymous_1)","decl":{"start":{"line":15,"column":21},"end":{"line":15,"column":22}},"loc":{"start":{"line":15,"column":27},"end":{"line":15,"column":52}},"line":15},"2":{"name":"(anonymous_2)","decl":{"start":{"line":21,"column":21},"end":{"line":21,"column":22}},"loc":{"start":{"line":21,"column":27},"end":{"line":21,"column":52}},"line":21},"3":{"name":"(anonymous_3)","decl":{"start":{"line":27,"column":21},"end":{"line":27,"column":22}},"loc":{"start":{"line":27,"column":27},"end":{"line":27,"column":54}},"line":27},"4":{"name":"(anonymous_4)","decl":{"start":{"line":33,"column":21},"end":{"line":33,"column":22}},"loc":{"start":{"line":33,"column":27},"end":{"line":33,"column":57}},"line":33}},"branchMap":{},"s":{"0":1,"1":0,"2":0,"3":0,"4":0,"5":0,"6":0},"f":{"0":0,"1":0,"2":0,"3":0,"4":0},"b":{},"_coverageSchema":"1a1c01bbd47fc00a2c39e90264f33305004495a9","hash":"1d65532021b8a4c528b00aaceaf108dfede24ffe"}
,"/workspaces/YggdraSkillWebApp/src/ErrorBoundary.tsx": {"path":"/workspaces/YggdraSkillWebApp/src/ErrorBoundary.tsx","statementMap":{"0":{"start":{"line":5,"column":4},"end":{"line":5,"column":17}},"1":{"start":{"line":6,"column":4},"end":{"line":6,"column":72}},"2":{"start":{"line":10,"column":4},"end":{"line":10,"column":59}},"3":{"start":{"line":14,"column":4},"end":{"line":14,"column":70}},"4":{"start":{"line":15,"column":4},"end":{"line":15,"column":33}},"5":{"start":{"line":18,"column":16},"end":{"line":20,"column":3}},"6":{"start":{"line":19,"column":4},"end":{"line":19,"column":74}},"7":{"start":{"line":23,"column":4},"end":{"line":43,"column":5}},"8":{"start":{"line":24,"column":6},"end":{"line":42,"column":8}},"9":{"start":{"line":44,"column":4},"end":{"line":44,"column":31}}},"fnMap":{"0":{"name":"(anonymous_0)","decl":{"start":{"line":4,"column":2},"end":{"line":4,"column":3}},"loc":{"start":{"line":4,"column":21},"end":{"line":7,"column":3}},"line":4},"1":{"name":"(anonymous_1)","decl":{"start":{"line":9,"column":2},"end":{"line":9,"column":3}},"loc":{"start":{"line":9,"column":41},"end":{"line":11,"column":3}},"line":9},"2":{"name":"(anonymous_2)","decl":{"start":{"line":13,"column":2},"end":{"line":13,"column":3}},"loc":{"start":{"line":13,"column":38},"end":{"line":16,"column":3}},"line":13},"3":{"name":"(anonymous_3)","decl":{"start":{"line":18,"column":16},"end":{"line":18,"column":17}},"loc":{"start":{"line":18,"column":22},"end":{"line":20,"column":3}},"line":18},"4":{"name":"(anonymous_4)","decl":{"start":{"line":22,"column":2},"end":{"line":22,"column":3}},"loc":{"start":{"line":22,"column":11},"end":{"line":45,"column":3}},"line":22}},"branchMap":{"0":{"loc":{"start":{"line":23,"column":4},"end":{"line":43,"column":5}},"type":"if","locations":[{"start":{"line":23,"column":4},"end":{"line":43,"column":5}},{"start":{},"end":{}}],"line":23},"1":{"loc":{"start":{"line":27,"column":14},"end":{"line":27,"column":72}},"type":"binary-expr","locations":[{"start":{"line":27,"column":14},"end":{"line":27,"column":37}},{"start":{"line":27,"column":41},"end":{"line":27,"column":72}}],"line":27}},"s":{"0":1,"1":1,"2":0,"3":0,"4":0,"5":1,"6":0,"7":1,"8":0,"9":1},"f":{"0":1,"1":0,"2":0,"3":0,"4":1},"b":{"0":[0,1],"1":[0,0]},"_coverageSchema":"1a1c01bbd47fc00a2c39e90264f33305004495a9","hash":"d53db6f077bffd89b2453115fe9f8a7cffc555b7"}
,"/workspaces/YggdraSkillWebApp/src/FirestoreErrorHandler.ts": {"path":"/workspaces/YggdraSkillWebApp/src/FirestoreErrorHandler.ts","statementMap":{"0":{"start":{"line":2,"column":40},"end":{"line":14,"column":1}},"1":{"start":{"line":3,"column":19},"end":{"line":9,"column":3}},"2":{"start":{"line":10,"column":2},"end":{"line":13,"column":4}}},"fnMap":{"0":{"name":"(anonymous_0)","decl":{"start":{"line":2,"column":40},"end":{"line":2,"column":41}},"loc":{"start":{"line":2,"column":51},"end":{"line":14,"column":1}},"line":2}},"branchMap":{"0":{"loc":{"start":{"line":11,"column":4},"end":{"line":12,"column":69}},"type":"binary-expr","locations":[{"start":{"line":11,"column":4},"end":{"line":11,"column":24}},{"start":{"line":12,"column":4},"end":{"line":12,"column":69}}],"line":11}},"s":{"0":1,"1":0,"2":0},"f":{"0":0},"b":{"0":[0,0]},"_coverageSchema":"1a1c01bbd47fc00a2c39e90264f33305004495a9","hash":"caf065e6458208b1208576101beffe319311b493"}
,"/workspaces/YggdraSkillWebApp/src/HomePage.tsx": {"path":"/workspaces/YggdraSkillWebApp/src/HomePage.tsx","statementMap":{"0":{"start":{"line":6,"column":17},"end":{"line":65,"column":1}},"1":{"start":{"line":7,"column":2},"end":{"line":64,"column":4}}},"fnMap":{"0":{"name":"(anonymous_0)","decl":{"start":{"line":6,"column":17},"end":{"line":6,"column":18}},"loc":{"start":{"line":6,"column":23},"end":{"line":65,"column":1}},"line":6}},"branchMap":{},"s":{"0":1,"1":1},"f":{"0":1},"b":{},"_coverageSchema":"1a1c01bbd47fc00a2c39e90264f33305004495a9","hash":"c83945c3908641795630bad88648ea439a782000"}
,"/workspaces/YggdraSkillWebApp/src/Login.tsx": {"path":"/workspaces/YggdraSkillWebApp/src/Login.tsx","statementMap":{"0":{"start":{"line":7,"column":14},"end":{"line":55,"column":1}},"1":{"start":{"line":8,"column":28},"end":{"line":8,"column":40}},"2":{"start":{"line":9,"column":34},"end":{"line":9,"column":46}},"3":{"start":{"line":10,"column":28},"end":{"line":10,"column":40}},"4":{"start":{"line":11,"column":19},"end":{"line":11,"column":32}},"5":{"start":{"line":13,"column":22},"end":{"line":20,"column":3}},"6":{"start":{"line":14,"column":4},"end":{"line":19,"column":5}},"7":{"start":{"line":15,"column":6},"end":{"line":15,"column":62}},"8":{"start":{"line":16,"column":6},"end":{"line":16,"column":29}},"9":{"start":{"line":18,"column":6},"end":{"line":18,"column":41}},"10":{"start":{"line":22,"column":2},"end":{"line":54,"column":4}},"11":{"start":{"line":30,"column":25},"end":{"line":30,"column":49}},"12":{"start":{"line":37,"column":25},"end":{"line":37,"column":52}}},"fnMap":{"0":{"name":"(anonymous_0)","decl":{"start":{"line":7,"column":14},"end":{"line":7,"column":15}},"loc":{"start":{"line":7,"column":20},"end":{"line":55,"column":1}},"line":7},"1":{"name":"(anonymous_1)","decl":{"start":{"line":13,"column":22},"end":{"line":13,"column":23}},"loc":{"start":{"line":13,"column":34},"end":{"line":20,"column":3}},"line":13},"2":{"name":"(anonymous_2)","decl":{"start":{"line":30,"column":18},"end":{"line":30,"column":19}},"loc":{"start":{"line":30,"column":25},"end":{"line":30,"column":49}},"line":30},"3":{"name":"(anonymous_3)","decl":{"start":{"line":37,"column":18},"end":{"line":37,"column":19}},"loc":{"start":{"line":37,"column":25},"end":{"line":37,"column":52}},"line":37}},"branchMap":{"0":{"loc":{"start":{"line":25,"column":7},"end":{"line":25,"column":55}},"type":"binary-expr","locations":[{"start":{"line":25,"column":7},"end":{"line":25,"column":12}},{"start":{"line":25,"column":16},"end":{"line":25,"column":55}}],"line":25}},"s":{"0":1,"1":0,"2":0,"3":0,"4":0,"5":0,"6":0,"7":0,"8":0,"9":0,"10":0,"11":0,"12":0},"f":{"0":0,"1":0,"2":0,"3":0},"b":{"0":[0,0]},"_coverageSchema":"1a1c01bbd47fc00a2c39e90264f33305004495a9","hash":"ccd0270d15c12c5d594cbd2c43fdbb8d064b40d6"}
,"/workspaces/YggdraSkillWebApp/src/NodePage.tsx": {"path":"/workspaces/YggdraSkillWebApp/src/NodePage.tsx","statementMap":{"0":{"start":{"line":15,"column":29},"end":{"line":15,"column":55}},"1":{"start":{"line":15,"column":40},"end":{"line":15,"column":55}},"2":{"start":{"line":16,"column":28},"end":{"line":16,"column":53}},"3":{"start":{"line":16,"column":39},"end":{"line":16,"column":53}},"4":{"start":{"line":18,"column":24},"end":{"line":21,"column":1}},"5":{"start":{"line":19,"column":40},"end":{"line":19,"column":46}},"6":{"start":{"line":20,"column":30},"end":{"line":20,"column":58}},"7":{"start":{"line":23,"column":23},"end":{"line":26,"column":1}},"8":{"start":{"line":24,"column":39},"end":{"line":24,"column":45}},"9":{"start":{"line":24,"column":66},"end":{"line":24,"column":72}},"10":{"start":{"line":25,"column":37},"end":{"line":25,"column":74}},"11":{"start":{"line":28,"column":17},"end":{"line":157,"column":1}},"12":{"start":{"line":29,"column":29},"end":{"line":29,"column":40}},"13":{"start":{"line":30,"column":19},"end":{"line":30,"column":32}},"14":{"start":{"line":31,"column":20},"end":{"line":31,"column":74}},"15":{"start":{"line":31,"column":43},"end":{"line":31,"column":73}},"16":{"start":{"line":32,"column":19},"end":{"line":34,"column":3}},"17":{"start":{"line":33,"column":4},"end":{"line":33,"column":41}},"18":{"start":{"line":35,"column":26},"end":{"line":35,"column":40}},"19":{"start":{"line":36,"column":28},"end":{"line":36,"column":42}},"20":{"start":{"line":38,"column":2},"end":{"line":73,"column":33}},"21":{"start":{"line":39,"column":26},"end":{"line":70,"column":5}},"22":{"start":{"line":40,"column":6},"end":{"line":69,"column":7}},"23":{"start":{"line":42,"column":27},"end":{"line":42,"column":51}},"24":{"start":{"line":43,"column":25},"end":{"line":43,"column":49}},"25":{"start":{"line":45,"column":8},"end":{"line":48,"column":9}},"26":{"start":{"line":46,"column":10},"end":{"line":46,"column":37}},"27":{"start":{"line":47,"column":10},"end":{"line":47,"column":17}},"28":{"start":{"line":50,"column":35},"end":{"line":50,"column":74}},"29":{"start":{"line":51,"column":26},"end":{"line":51,"column":59}},"30":{"start":{"line":53,"column":29},"end":{"line":56,"column":11}},"31":{"start":{"line":53,"column":58},"end":{"line":56,"column":9}},"32":{"start":{"line":58,"column":26},"end":{"line":58,"column":67}},"33":{"start":{"line":58,"column":51},"end":{"line":58,"column":66}},"34":{"start":{"line":60,"column":8},"end":{"line":65,"column":9}},"35":{"start":{"line":61,"column":10},"end":{"line":61,"column":29}},"36":{"start":{"line":62,"column":10},"end":{"line":62,"column":51}},"37":{"start":{"line":64,"column":10},"end":{"line":64,"column":37}},"38":{"start":{"line":67,"column":8},"end":{"line":67,"column":56}},"39":{"start":{"line":68,"column":8},"end":{"line":68,"column":45}},"40":{"start":{"line":72,"column":4},"end":{"line":72,"column":20}},"41":{"start":{"line":75,"column":23},"end":{"line":82,"column":3}},"42":{"start":{"line":76,"column":29},"end":{"line":78,"column":32}},"43":{"start":{"line":77,"column":32},"end":{"line":77,"column":46}},"44":{"start":{"line":80,"column":4},"end":{"line":80,"column":51}},"45":{"start":{"line":81,"column":4},"end":{"line":81,"column":61}},"46":{"start":{"line":84,"column":28},"end":{"line":95,"column":3}},"47":{"start":{"line":85,"column":25},"end":{"line":85,"column":52}},"48":{"start":{"line":86,"column":29},"end":{"line":86,"column":74}},"49":{"start":{"line":88,"column":4},"end":{"line":92,"column":7}},"50":{"start":{"line":89,"column":6},"end":{"line":91,"column":7}},"51":{"start":{"line":90,"column":8},"end":{"line":90,"column":55}},"52":{"start":{"line":94,"column":4},"end":{"line":94,"column":61}},"53":{"start":{"line":97,"column":2},"end":{"line":99,"column":3}},"54":{"start":{"line":98,"column":4},"end":{"line":98,"column":52}},"55":{"start":{"line":101,"column":2},"end":{"line":103,"column":3}},"56":{"start":{"line":102,"column":4},"end":{"line":102,"column":55}},"57":{"start":{"line":105,"column":24},"end":{"line":105,"column":51}},"58":{"start":{"line":106,"column":26},"end":{"line":108,"column":3}},"59":{"start":{"line":110,"column":2},"end":{"line":156,"column":4}},"60":{"start":{"line":122,"column":14},"end":{"line":131,"column":19}},"61":{"start":{"line":127,"column":36},"end":{"line":127,"column":58}},"62":{"start":{"line":152,"column":54},"end":{"line":152,"column":75}}},"fnMap":{"0":{"name":"(anonymous_0)","decl":{"start":{"line":15,"column":29},"end":{"line":15,"column":30}},"loc":{"start":{"line":15,"column":40},"end":{"line":15,"column":55}},"line":15},"1":{"name":"(anonymous_1)","decl":{"start":{"line":16,"column":28},"end":{"line":16,"column":29}},"loc":{"start":{"line":16,"column":39},"end":{"line":16,"column":53}},"line":16},"2":{"name":"(anonymous_2)","decl":{"start":{"line":19,"column":25},"end":{"line":19,"column":26}},"loc":{"start":{"line":19,"column":40},"end":{"line":19,"column":46}},"line":19},"3":{"name":"(anonymous_3)","decl":{"start":{"line":20,"column":2},"end":{"line":20,"column":3}},"loc":{"start":{"line":20,"column":30},"end":{"line":20,"column":58}},"line":20},"4":{"name":"(anonymous_4)","decl":{"start":{"line":24,"column":24},"end":{"line":24,"column":25}},"loc":{"start":{"line":24,"column":39},"end":{"line":24,"column":45}},"line":24},"5":{"name":"(anonymous_5)","decl":{"start":{"line":24,"column":47},"end":{"line":24,"column":48}},"loc":{"start":{"line":24,"column":66},"end":{"line":24,"column":72}},"line":24},"6":{"name":"(anonymous_6)","decl":{"start":{"line":25,"column":2},"end":{"line":25,"column":3}},"loc":{"start":{"line":25,"column":37},"end":{"line":25,"column":74}},"line":25},"7":{"name":"(anonymous_7)","decl":{"start":{"line":28,"column":17},"end":{"line":28,"column":18}},"loc":{"start":{"line":28,"column":23},"end":{"line":157,"column":1}},"line":28},"8":{"name":"(anonymous_8)","decl":{"start":{"line":31,"column":32},"end":{"line":31,"column":33}},"loc":{"start":{"line":31,"column":43},"end":{"line":31,"column":73}},"line":31},"9":{"name":"(anonymous_9)","decl":{"start":{"line":32,"column":31},"end":{"line":32,"column":32}},"loc":{"start":{"line":33,"column":4},"end":{"line":33,"column":41}},"line":33},"10":{"name":"(anonymous_10)","decl":{"start":{"line":38,"column":12},"end":{"line":38,"column":13}},"loc":{"start":{"line":38,"column":18},"end":{"line":73,"column":3}},"line":38},"11":{"name":"(anonymous_11)","decl":{"start":{"line":39,"column":26},"end":{"line":39,"column":27}},"loc":{"start":{"line":39,"column":38},"end":{"line":70,"column":5}},"line":39},"12":{"name":"(anonymous_12)","decl":{"start":{"line":53,"column":48},"end":{"line":53,"column":49}},"loc":{"start":{"line":53,"column":58},"end":{"line":56,"column":9}},"line":53},"13":{"name":"(anonymous_13)","decl":{"start":{"line":58,"column":44},"end":{"line":58,"column":45}},"loc":{"start":{"line":58,"column":51},"end":{"line":58,"column":66}},"line":58},"14":{"name":"(anonymous_14)","decl":{"start":{"line":75,"column":23},"end":{"line":75,"column":24}},"loc":{"start":{"line":75,"column":37},"end":{"line":82,"column":3}},"line":75},"15":{"name":"(anonymous_15)","decl":{"start":{"line":77,"column":25},"end":{"line":77,"column":26}},"loc":{"start":{"line":77,"column":32},"end":{"line":77,"column":46}},"line":77},"16":{"name":"(anonymous_16)","decl":{"start":{"line":84,"column":28},"end":{"line":84,"column":29}},"loc":{"start":{"line":84,"column":34},"end":{"line":95,"column":3}},"line":84},"17":{"name":"(anonymous_17)","decl":{"start":{"line":88,"column":25},"end":{"line":88,"column":26}},"loc":{"start":{"line":88,"column":39},"end":{"line":92,"column":5}},"line":88},"18":{"name":"(anonymous_18)","decl":{"start":{"line":121,"column":31},"end":{"line":121,"column":32}},"loc":{"start":{"line":122,"column":14},"end":{"line":131,"column":19}},"line":122},"19":{"name":"(anonymous_19)","decl":{"start":{"line":127,"column":30},"end":{"line":127,"column":31}},"loc":{"start":{"line":127,"column":36},"end":{"line":127,"column":58}},"line":127},"20":{"name":"(anonymous_20)","decl":{"start":{"line":152,"column":48},"end":{"line":152,"column":49}},"loc":{"start":{"line":152,"column":54},"end":{"line":152,"column":75}},"line":152}},"branchMap":{"0":{"loc":{"start":{"line":20,"column":30},"end":{"line":20,"column":58}},"type":"binary-expr","locations":[{"start":{"line":20,"column":30},"end":{"line":20,"column":52}},{"start":{"line":20,"column":56},"end":{"line":20,"column":58}}],"line":20},"1":{"loc":{"start":{"line":25,"column":37},"end":{"line":25,"column":74}},"type":"binary-expr","locations":[{"start":{"line":25,"column":37},"end":{"line":25,"column":68}},{"start":{"line":25,"column":72},"end":{"line":25,"column":74}}],"line":25},"2":{"loc":{"start":{"line":45,"column":8},"end":{"line":48,"column":9}},"type":"if","locations":[{"start":{"line":45,"column":8},"end":{"line":48,"column":9}},{"start":{},"end":{}}],"line":45},"3":{"loc":{"start":{"line":60,"column":8},"end":{"line":65,"column":9}},"type":"if","locations":[{"start":{"line":60,"column":8},"end":{"line":65,"column":9}},{"start":{"line":63,"column":15},"end":{"line":65,"column":9}}],"line":60},"4":{"loc":{"start":{"line":76,"column":29},"end":{"line":78,"column":32}},"type":"cond-expr","locations":[{"start":{"line":77,"column":8},"end":{"line":77,"column":47}},{"start":{"line":78,"column":8},"end":{"line":78,"column":32}}],"line":76},"5":{"loc":{"start":{"line":85,"column":25},"end":{"line":85,"column":52}},"type":"binary-expr","locations":[{"start":{"line":85,"column":25},"end":{"line":85,"column":46}},{"start":{"line":85,"column":50},"end":{"line":85,"column":52}}],"line":85},"6":{"loc":{"start":{"line":89,"column":6},"end":{"line":91,"column":7}},"type":"if","locations":[{"start":{"line":89,"column":6},"end":{"line":91,"column":7}},{"start":{},"end":{}}],"line":89},"7":{"loc":{"start":{"line":97,"column":2},"end":{"line":99,"column":3}},"type":"if","locations":[{"start":{"line":97,"column":2},"end":{"line":99,"column":3}},{"start":{},"end":{}}],"line":97},"8":{"loc":{"start":{"line":101,"column":2},"end":{"line":103,"column":3}},"type":"if","locations":[{"start":{"line":101,"column":2},"end":{"line":103,"column":3}},{"start":{},"end":{}}],"line":101},"9":{"loc":{"start":{"line":105,"column":24},"end":{"line":105,"column":51}},"type":"binary-expr","locations":[{"start":{"line":105,"column":24},"end":{"line":105,"column":45}},{"start":{"line":105,"column":49},"end":{"line":105,"column":51}}],"line":105},"10":{"loc":{"start":{"line":107,"column":24},"end":{"line":107,"column":49}},"type":"binary-expr","locations":[{"start":{"line":107,"column":24},"end":{"line":107,"column":44}},{"start":{"line":107,"column":48},"end":{"line":107,"column":49}}],"line":107},"11":{"loc":{"start":{"line":119,"column":9},"end":{"line":136,"column":9}},"type":"cond-expr","locations":[{"start":{"line":120,"column":10},"end":{"line":133,"column":15}},{"start":{"line":135,"column":10},"end":{"line":135,"column":54}}],"line":119}},"s":{"0":1,"1":0,"2":1,"3":0,"4":1,"5":0,"6":0,"7":1,"8":0,"9":0,"10":0,"11":1,"12":0,"13":0,"14":0,"15":0,"16":0,"17":0,"18":0,"19":0,"20":0,"21":0,"22":0,"23":0,"24":0,"25":0,"26":0,"27":0,"28":0,"29":0,"30":0,"31":0,"32":0,"33":0,"34":0,"35":0,"36":0,"37":0,"38":0,"39":0,"40":0,"41":0,"42":0,"43":0,"44":0,"45":0,"46":0,"47":0,"48":0,"49":0,"50":0,"51":0,"52":0,"53":0,"54":0,"55":0,"56":0,"57":0,"58":0,"59":0,"60":0,"61":0,"62":0},"f":{"0":0,"1":0,"2":0,"3":0,"4":0,"5":0,"6":0,"7":0,"8":0,"9":0,"10":0,"11":0,"12":0,"13":0,"14":0,"15":0,"16":0,"17":0,"18":0,"19":0,"20":0},"b":{"0":[0,0],"1":[0,0],"2":[0,0],"3":[0,0],"4":[0,0],"5":[0,0],"6":[0,0],"7":[0,0],"8":[0,0],"9":[0,0],"10":[0,0],"11":[0,0]},"_coverageSchema":"1a1c01bbd47fc00a2c39e90264f33305004495a9","hash":"2c5174c6b7c039cdf763c3bdd65c4e6ef0ce298b"}
,"/workspaces/YggdraSkillWebApp/src/PartitionPage.tsx": {"path":"/workspaces/YggdraSkillWebApp/src/PartitionPage.tsx","statementMap":{"0":{"start":{"line":7,"column":22},"end":{"line":71,"column":1}},"1":{"start":{"line":8,"column":24},"end":{"line":8,"column":35}},"2":{"start":{"line":9,"column":19},"end":{"line":9,"column":32}},"3":{"start":{"line":10,"column":28},"end":{"line":10,"column":40}},"4":{"start":{"line":11,"column":28},"end":{"line":11,"column":40}},"5":{"start":{"line":13,"column":2},"end":{"line":43,"column":18}},"6":{"start":{"line":14,"column":23},"end":{"line":40,"column":5}},"7":{"start":{"line":15,"column":6},"end":{"line":15,"column":78}},"8":{"start":{"line":17,"column":6},"end":{"line":39,"column":7}},"9":{"start":{"line":18,"column":30},"end":{"line":18,"column":68}},"10":{"start":{"line":19,"column":8},"end":{"line":19,"column":80}},"11":{"start":{"line":21,"column":30},"end":{"line":21,"column":32}},"12":{"start":{"line":23,"column":8},"end":{"line":28,"column":11}},"13":{"start":{"line":24,"column":27},"end":{"line":24,"column":37}},"14":{"start":{"line":25,"column":10},"end":{"line":27,"column":11}},"15":{"start":{"line":26,"column":12},"end":{"line":26,"column":61}},"16":{"start":{"line":30,"column":8},"end":{"line":33,"column":10}},"17":{"start":{"line":35,"column":8},"end":{"line":35,"column":32}},"18":{"start":{"line":37,"column":8},"end":{"line":37,"column":69}},"19":{"start":{"line":38,"column":8},"end":{"line":38,"column":66}},"20":{"start":{"line":42,"column":4},"end":{"line":42,"column":17}},"21":{"start":{"line":45,"column":2},"end":{"line":70,"column":4}},"22":{"start":{"line":60,"column":10},"end":{"line":66,"column":19}},"23":{"start":{"line":62,"column":27},"end":{"line":62,"column":56}}},"fnMap":{"0":{"name":"(anonymous_0)","decl":{"start":{"line":7,"column":22},"end":{"line":7,"column":23}},"loc":{"start":{"line":7,"column":28},"end":{"line":71,"column":1}},"line":7},"1":{"name":"(anonymous_1)","decl":{"start":{"line":13,"column":12},"end":{"line":13,"column":13}},"loc":{"start":{"line":13,"column":18},"end":{"line":43,"column":3}},"line":13},"2":{"name":"(anonymous_2)","decl":{"start":{"line":14,"column":23},"end":{"line":14,"column":24}},"loc":{"start":{"line":14,"column":35},"end":{"line":40,"column":5}},"line":14},"3":{"name":"(anonymous_3)","decl":{"start":{"line":23,"column":30},"end":{"line":23,"column":31}},"loc":{"start":{"line":23,"column":39},"end":{"line":28,"column":9}},"line":23},"4":{"name":"(anonymous_4)","decl":{"start":{"line":59,"column":19},"end":{"line":59,"column":20}},"loc":{"start":{"line":60,"column":10},"end":{"line":66,"column":19}},"line":60},"5":{"name":"(anonymous_5)","decl":{"start":{"line":62,"column":21},"end":{"line":62,"column":22}},"loc":{"start":{"line":62,"column":27},"end":{"line":62,"column":56}},"line":62}},"branchMap":{"0":{"loc":{"start":{"line":25,"column":10},"end":{"line":27,"column":11}},"type":"if","locations":[{"start":{"line":25,"column":10},"end":{"line":27,"column":11}},{"start":{},"end":{}}],"line":25},"1":{"loc":{"start":{"line":48,"column":9},"end":{"line":50,"column":14}},"type":"cond-expr","locations":[{"start":{"line":49,"column":12},"end":{"line":49,"column":66}},{"start":{"line":50,"column":12},"end":{"line":50,"column":14}}],"line":48},"2":{"loc":{"start":{"line":53,"column":7},"end":{"line":57,"column":7}},"type":"binary-expr","locations":[{"start":{"line":53,"column":7},"end":{"line":53,"column":12}},{"start":{"line":54,"column":8},"end":{"line":56,"column":12}}],"line":53}},"s":{"0":1,"1":0,"2":0,"3":0,"4":0,"5":0,"6":0,"7":0,"8":0,"9":0,"10":0,"11":0,"12":0,"13":0,"14":0,"15":0,"16":0,"17":0,"18":0,"19":0,"20":0,"21":0,"22":0,"23":0},"f":{"0":0,"1":0,"2":0,"3":0,"4":0,"5":0},"b":{"0":[0,0],"1":[0,0],"2":[0,0]},"_coverageSchema":"1a1c01bbd47fc00a2c39e90264f33305004495a9","hash":"a9d15ba0e6d4000e6ecb7eb79e516a1df8269bbc"}
,"/workspaces/YggdraSkillWebApp/src/Signup.tsx": {"path":"/workspaces/YggdraSkillWebApp/src/Signup.tsx","statementMap":{"0":{"start":{"line":6,"column":15},"end":{"line":53,"column":1}},"1":{"start":{"line":7,"column":28},"end":{"line":7,"column":40}},"2":{"start":{"line":8,"column":34},"end":{"line":8,"column":46}},"3":{"start":{"line":9,"column":28},"end":{"line":9,"column":40}},"4":{"start":{"line":11,"column":23},"end":{"line":18,"column":3}},"5":{"start":{"line":12,"column":4},"end":{"line":17,"column":5}},"6":{"start":{"line":13,"column":6},"end":{"line":13,"column":66}},"7":{"start":{"line":14,"column":6},"end":{"line":14,"column":45}},"8":{"start":{"line":16,"column":6},"end":{"line":16,"column":41}},"9":{"start":{"line":20,"column":2},"end":{"line":52,"column":4}},"10":{"start":{"line":28,"column":25},"end":{"line":28,"column":49}},"11":{"start":{"line":35,"column":25},"end":{"line":35,"column":52}}},"fnMap":{"0":{"name":"(anonymous_0)","decl":{"start":{"line":6,"column":15},"end":{"line":6,"column":16}},"loc":{"start":{"line":6,"column":21},"end":{"line":53,"column":1}},"line":6},"1":{"name":"(anonymous_1)","decl":{"start":{"line":11,"column":23},"end":{"line":11,"column":24}},"loc":{"start":{"line":11,"column":35},"end":{"line":18,"column":3}},"line":11},"2":{"name":"(anonymous_2)","decl":{"start":{"line":28,"column":18},"end":{"line":28,"column":19}},"loc":{"start":{"line":28,"column":25},"end":{"line":28,"column":49}},"line":28},"3":{"name":"(anonymous_3)","decl":{"start":{"line":35,"column":18},"end":{"line":35,"column":19}},"loc":{"start":{"line":35,"column":25},"end":{"line":35,"column":52}},"line":35}},"branchMap":{"0":{"loc":{"start":{"line":23,"column":7},"end":{"line":23,"column":55}},"type":"binary-expr","locations":[{"start":{"line":23,"column":7},"end":{"line":23,"column":12}},{"start":{"line":23,"column":16},"end":{"line":23,"column":55}}],"line":23}},"s":{"0":1,"1":0,"2":0,"3":0,"4":0,"5":0,"6":0,"7":0,"8":0,"9":0,"10":0,"11":0},"f":{"0":0,"1":0,"2":0,"3":0},"b":{"0":[0,0]},"_coverageSchema":"1a1c01bbd47fc00a2c39e90264f33305004495a9","hash":"e6551823b1049bc2325784d86edfa22b4f3c6add"}
,"/workspaces/YggdraSkillWebApp/src/SkillTree.tsx": {"path":"/workspaces/YggdraSkillWebApp/src/SkillTree.tsx","statementMap":{"0":{"start":{"line":9,"column":19},"end":{"line":17,"column":1}},"1":{"start":{"line":10,"column":2},"end":{"line":16,"column":4}},"2":{"start":{"line":19,"column":18},"end":{"line":19,"column":40}},"3":{"start":{"line":21,"column":26},"end":{"line":50,"column":1}},"4":{"start":{"line":22,"column":17},"end":{"line":22,"column":19}},"5":{"start":{"line":23,"column":2},"end":{"line":28,"column":5}},"6":{"start":{"line":24,"column":23},"end":{"line":24,"column":70}},"7":{"start":{"line":25,"column":21},"end":{"line":25,"column":65}},"8":{"start":{"line":26,"column":4},"end":{"line":26,"column":49}},"9":{"start":{"line":26,"column":27},"end":{"line":26,"column":49}},"10":{"start":{"line":27,"column":4},"end":{"line":27,"column":32}},"11":{"start":{"line":30,"column":18},"end":{"line":30,"column":39}},"12":{"start":{"line":31,"column":18},"end":{"line":31,"column":40}},"13":{"start":{"line":32,"column":24},"end":{"line":32,"column":27}},"14":{"start":{"line":34,"column":2},"end":{"line":47,"column":5}},"15":{"start":{"line":35,"column":18},"end":{"line":35,"column":40}},"16":{"start":{"line":36,"column":25},"end":{"line":36,"column":38}},"17":{"start":{"line":37,"column":27},"end":{"line":37,"column":62}},"18":{"start":{"line":39,"column":4},"end":{"line":46,"column":7}},"19":{"start":{"line":40,"column":20},"end":{"line":40,"column":42}},"20":{"start":{"line":41,"column":21},"end":{"line":41,"column":42}},"21":{"start":{"line":42,"column":6},"end":{"line":45,"column":8}},"22":{"start":{"line":49,"column":2},"end":{"line":49,"column":15}},"23":{"start":{"line":52,"column":18},"end":{"line":245,"column":1}},"24":{"start":{"line":53,"column":21},"end":{"line":53,"column":32}},"25":{"start":{"line":54,"column":19},"end":{"line":54,"column":32}},"26":{"start":{"line":55,"column":28},"end":{"line":55,"column":40}},"27":{"start":{"line":56,"column":28},"end":{"line":56,"column":40}},"28":{"start":{"line":57,"column":28},"end":{"line":57,"column":42}},"29":{"start":{"line":59,"column":22},"end":{"line":164,"column":3}},"30":{"start":{"line":60,"column":22},"end":{"line":60,"column":25}},"31":{"start":{"line":61,"column":23},"end":{"line":61,"column":25}},"32":{"start":{"line":62,"column":30},"end":{"line":62,"column":33}},"33":{"start":{"line":63,"column":28},"end":{"line":63,"column":31}},"34":{"start":{"line":65,"column":19},"end":{"line":65,"column":21}},"35":{"start":{"line":66,"column":4},"end":{"line":70,"column":7}},"36":{"start":{"line":67,"column":20},"end":{"line":67,"column":48}},"37":{"start":{"line":68,"column":6},"end":{"line":68,"column":45}},"38":{"start":{"line":68,"column":26},"end":{"line":68,"column":45}},"39":{"start":{"line":69,"column":6},"end":{"line":69,"column":31}},"40":{"start":{"line":72,"column":26},"end":{"line":89,"column":6}},"41":{"start":{"line":73,"column":20},"end":{"line":87,"column":7}},"42":{"start":{"line":88,"column":6},"end":{"line":88,"column":49}},"43":{"start":{"line":91,"column":24},"end":{"line":91,"column":25}},"44":{"start":{"line":92,"column":4},"end":{"line":137,"column":7}},"45":{"start":{"line":93,"column":25},"end":{"line":93,"column":38}},"46":{"start":{"line":94,"column":28},"end":{"line":94,"column":30}},"47":{"start":{"line":96,"column":6},"end":{"line":104,"column":9}},"48":{"start":{"line":97,"column":8},"end":{"line":103,"column":38}},"49":{"start":{"line":100,"column":14},"end":{"line":101,"column":58}},"50":{"start":{"line":101,"column":37},"end":{"line":101,"column":57}},"51":{"start":{"line":103,"column":25},"end":{"line":103,"column":36}},"52":{"start":{"line":106,"column":22},"end":{"line":106,"column":31}},"53":{"start":{"line":107,"column":26},"end":{"line":107,"column":28}},"54":{"start":{"line":109,"column":29},"end":{"line":119,"column":7}},"55":{"start":{"line":110,"column":8},"end":{"line":110,"column":60}},"56":{"start":{"line":110,"column":33},"end":{"line":110,"column":60}},"57":{"start":{"line":111,"column":8},"end":{"line":111,"column":28}},"58":{"start":{"line":112,"column":29},"end":{"line":112,"column":56}},"59":{"start":{"line":113,"column":31},"end":{"line":116,"column":9}},"60":{"start":{"line":115,"column":41},"end":{"line":115,"column":62}},"61":{"start":{"line":117,"column":8},"end":{"line":117,"column":49}},"62":{"start":{"line":118,"column":8},"end":{"line":118,"column":35}},"63":{"start":{"line":121,"column":6},"end":{"line":121,"column":60}},"64":{"start":{"line":121,"column":35},"end":{"line":121,"column":58}},"65":{"start":{"line":122,"column":28},"end":{"line":122,"column":30}},"66":{"start":{"line":123,"column":6},"end":{"line":131,"column":9}},"67":{"start":{"line":124,"column":23},"end":{"line":124,"column":43}},"68":{"start":{"line":125,"column":8},"end":{"line":125,"column":62}},"69":{"start":{"line":125,"column":36},"end":{"line":125,"column":62}},"70":{"start":{"line":126,"column":8},"end":{"line":129,"column":10}},"71":{"start":{"line":130,"column":8},"end":{"line":130,"column":62}},"72":{"start":{"line":134,"column":8},"end":{"line":135,"column":39}},"73":{"start":{"line":136,"column":6},"end":{"line":136,"column":56}},"74":{"start":{"line":139,"column":24},"end":{"line":154,"column":5}},"75":{"start":{"line":156,"column":4},"end":{"line":163,"column":8}},"76":{"start":{"line":156,"column":32},"end":{"line":163,"column":5}},"77":{"start":{"line":166,"column":2},"end":{"line":216,"column":15}},"78":{"start":{"line":167,"column":26},"end":{"line":213,"column":5}},"79":{"start":{"line":168,"column":6},"end":{"line":168,"column":74}},"80":{"start":{"line":170,"column":6},"end":{"line":212,"column":7}},"81":{"start":{"line":171,"column":23},"end":{"line":171,"column":47}},"82":{"start":{"line":172,"column":24},"end":{"line":172,"column":44}},"83":{"start":{"line":174,"column":8},"end":{"line":177,"column":9}},"84":{"start":{"line":175,"column":10},"end":{"line":175,"column":37}},"85":{"start":{"line":176,"column":10},"end":{"line":176,"column":17}},"86":{"start":{"line":179,"column":25},"end":{"line":179,"column":39}},"87":{"start":{"line":180,"column":8},"end":{"line":180,"column":76}},"88":{"start":{"line":182,"column":25},"end":{"line":182,"column":65}},"89":{"start":{"line":183,"column":26},"end":{"line":183,"column":49}},"90":{"start":{"line":185,"column":29},"end":{"line":188,"column":11}},"91":{"start":{"line":185,"column":58},"end":{"line":188,"column":9}},"92":{"start":{"line":189,"column":8},"end":{"line":189,"column":71}},"93":{"start":{"line":192,"column":8},"end":{"line":196,"column":9}},"94":{"start":{"line":193,"column":10},"end":{"line":193,"column":57}},"95":{"start":{"line":195,"column":10},"end":{"line":195,"column":67}},"96":{"start":{"line":198,"column":8},"end":{"line":198,"column":31}},"97":{"start":{"line":199,"column":8},"end":{"line":199,"column":57}},"98":{"start":{"line":201,"column":29},"end":{"line":206,"column":11}},"99":{"start":{"line":201,"column":59},"end":{"line":206,"column":9}},"100":{"start":{"line":207,"column":8},"end":{"line":207,"column":31}},"101":{"start":{"line":208,"column":8},"end":{"line":208,"column":73}},"102":{"start":{"line":210,"column":8},"end":{"line":210,"column":56}},"103":{"start":{"line":211,"column":8},"end":{"line":211,"column":45}},"104":{"start":{"line":215,"column":4},"end":{"line":215,"column":20}},"105":{"start":{"line":218,"column":26},"end":{"line":220,"column":3}},"106":{"start":{"line":219,"column":4},"end":{"line":219,"column":43}},"107":{"start":{"line":222,"column":2},"end":{"line":229,"column":3}},"108":{"start":{"line":223,"column":4},"end":{"line":228,"column":6}},"109":{"start":{"line":231,"column":2},"end":{"line":244,"column":4}}},"fnMap":{"0":{"name":"(anonymous_0)","decl":{"start":{"line":9,"column":19},"end":{"line":9,"column":20}},"loc":{"start":{"line":9,"column":33},"end":{"line":17,"column":1}},"line":9},"1":{"name":"(anonymous_1)","decl":{"start":{"line":21,"column":26},"end":{"line":21,"column":27}},"loc":{"start":{"line":21,"column":37},"end":{"line":50,"column":1}},"line":21},"2":{"name":"(anonymous_2)","decl":{"start":{"line":23,"column":16},"end":{"line":23,"column":17}},"loc":{"start":{"line":23,"column":26},"end":{"line":28,"column":3}},"line":23},"3":{"name":"(anonymous_3)","decl":{"start":{"line":34,"column":30},"end":{"line":34,"column":31}},"loc":{"start":{"line":34,"column":44},"end":{"line":47,"column":3}},"line":34},"4":{"name":"(anonymous_4)","decl":{"start":{"line":39,"column":25},"end":{"line":39,"column":26}},"loc":{"start":{"line":39,"column":42},"end":{"line":46,"column":5}},"line":39},"5":{"name":"(anonymous_5)","decl":{"start":{"line":52,"column":18},"end":{"line":52,"column":19}},"loc":{"start":{"line":52,"column":24},"end":{"line":245,"column":1}},"line":52},"6":{"name":"(anonymous_6)","decl":{"start":{"line":59,"column":22},"end":{"line":59,"column":23}},"loc":{"start":{"line":59,"column":40},"end":{"line":164,"column":3}},"line":59},"7":{"name":"(anonymous_7)","decl":{"start":{"line":66,"column":18},"end":{"line":66,"column":19}},"loc":{"start":{"line":66,"column":28},"end":{"line":70,"column":5}},"line":66},"8":{"name":"(anonymous_8)","decl":{"start":{"line":72,"column":51},"end":{"line":72,"column":52}},"loc":{"start":{"line":72,"column":61},"end":{"line":89,"column":5}},"line":72},"9":{"name":"(anonymous_9)","decl":{"start":{"line":92,"column":26},"end":{"line":92,"column":27}},"loc":{"start":{"line":92,"column":37},"end":{"line":137,"column":5}},"line":92},"10":{"name":"(anonymous_10)","decl":{"start":{"line":96,"column":25},"end":{"line":96,"column":26}},"loc":{"start":{"line":96,"column":35},"end":{"line":104,"column":7}},"line":96},"11":{"name":"(anonymous_11)","decl":{"start":{"line":99,"column":12},"end":{"line":99,"column":13}},"loc":{"start":{"line":100,"column":14},"end":{"line":101,"column":58}},"line":100},"12":{"name":"(anonymous_12)","decl":{"start":{"line":101,"column":30},"end":{"line":101,"column":31}},"loc":{"start":{"line":101,"column":37},"end":{"line":101,"column":57}},"line":101},"13":{"name":"(anonymous_13)","decl":{"start":{"line":103,"column":15},"end":{"line":103,"column":16}},"loc":{"start":{"line":103,"column":25},"end":{"line":103,"column":36}},"line":103},"14":{"name":"(anonymous_14)","decl":{"start":{"line":109,"column":29},"end":{"line":109,"column":30}},"loc":{"start":{"line":109,"column":41},"end":{"line":119,"column":7}},"line":109},"15":{"name":"(anonymous_15)","decl":{"start":{"line":115,"column":30},"end":{"line":115,"column":31}},"loc":{"start":{"line":115,"column":41},"end":{"line":115,"column":62}},"line":115},"16":{"name":"(anonymous_16)","decl":{"start":{"line":121,"column":25},"end":{"line":121,"column":26}},"loc":{"start":{"line":121,"column":35},"end":{"line":121,"column":58}},"line":121},"17":{"name":"(anonymous_17)","decl":{"start":{"line":123,"column":25},"end":{"line":123,"column":26}},"loc":{"start":{"line":123,"column":35},"end":{"line":131,"column":7}},"line":123},"18":{"name":"(anonymous_18)","decl":{"start":{"line":156,"column":21},"end":{"line":156,"column":22}},"loc":{"start":{"line":156,"column":32},"end":{"line":163,"column":5}},"line":156},"19":{"name":"(anonymous_19)","decl":{"start":{"line":166,"column":12},"end":{"line":166,"column":13}},"loc":{"start":{"line":166,"column":18},"end":{"line":216,"column":3}},"line":166},"20":{"name":"(anonymous_20)","decl":{"start":{"line":167,"column":26},"end":{"line":167,"column":27}},"loc":{"start":{"line":167,"column":38},"end":{"line":213,"column":5}},"line":167},"21":{"name":"(anonymous_21)","decl":{"start":{"line":185,"column":48},"end":{"line":185,"column":49}},"loc":{"start":{"line":185,"column":58},"end":{"line":188,"column":9}},"line":185},"22":{"name":"(anonymous_22)","decl":{"start":{"line":201,"column":48},"end":{"line":201,"column":49}},"loc":{"start":{"line":201,"column":59},"end":{"line":206,"column":9}},"line":201},"23":{"name":"(anonymous_23)","decl":{"start":{"line":218,"column":26},"end":{"line":218,"column":27}},"loc":{"start":{"line":218,"column":43},"end":{"line":220,"column":3}},"line":218}},"branchMap":{"0":{"loc":{"start":{"line":24,"column":23},"end":{"line":24,"column":70}},"type":"binary-expr","locations":[{"start":{"line":24,"column":23},"end":{"line":24,"column":38}},{"start":{"line":24,"column":42},"end":{"line":24,"column":70}}],"line":24},"1":{"loc":{"start":{"line":25,"column":21},"end":{"line":25,"column":65}},"type":"cond-expr","locations":[{"start":{"line":25,"column":34},"end":{"line":25,"column":61}},{"start":{"line":25,"column":64},"end":{"line":25,"column":65}}],"line":25},"2":{"loc":{"start":{"line":26,"column":4},"end":{"line":26,"column":49}},"type":"if","locations":[{"start":{"line":26,"column":4},"end":{"line":26,"column":49}},{"start":{},"end":{}}],"line":26},"3":{"loc":{"start":{"line":67,"column":20},"end":{"line":67,"column":48}},"type":"binary-expr","locations":[{"start":{"line":67,"column":20},"end":{"line":67,"column":35}},{"start":{"line":67,"column":39},"end":{"line":67,"column":48}}],"line":67},"4":{"loc":{"start":{"line":68,"column":6},"end":{"line":68,"column":45}},"type":"if","locations":[{"start":{"line":68,"column":6},"end":{"line":68,"column":45}},{"start":{},"end":{}}],"line":68},"5":{"loc":{"start":{"line":100,"column":14},"end":{"line":101,"column":58}},"type":"binary-expr","locations":[{"start":{"line":100,"column":14},"end":{"line":100,"column":37}},{"start":{"line":101,"column":14},"end":{"line":101,"column":58}}],"line":100},"6":{"loc":{"start":{"line":110,"column":8},"end":{"line":110,"column":60}},"type":"if","locations":[{"start":{"line":110,"column":8},"end":{"line":110,"column":60}},{"start":{},"end":{}}],"line":110},"7":{"loc":{"start":{"line":112,"column":29},"end":{"line":112,"column":56}},"type":"binary-expr","locations":[{"start":{"line":112,"column":29},"end":{"line":112,"column":50}},{"start":{"line":112,"column":54},"end":{"line":112,"column":56}}],"line":112},"8":{"loc":{"start":{"line":125,"column":8},"end":{"line":125,"column":62}},"type":"if","locations":[{"start":{"line":125,"column":8},"end":{"line":125,"column":62}},{"start":{},"end":{}}],"line":125},"9":{"loc":{"start":{"line":161,"column":31},"end":{"line":161,"column":59}},"type":"binary-expr","locations":[{"start":{"line":161,"column":31},"end":{"line":161,"column":46}},{"start":{"line":161,"column":50},"end":{"line":161,"column":59}}],"line":161},"10":{"loc":{"start":{"line":174,"column":8},"end":{"line":177,"column":9}},"type":"if","locations":[{"start":{"line":174,"column":8},"end":{"line":177,"column":9}},{"start":{},"end":{}}],"line":174},"11":{"loc":{"start":{"line":192,"column":8},"end":{"line":196,"column":9}},"type":"if","locations":[{"start":{"line":192,"column":8},"end":{"line":196,"column":9}},{"start":{"line":194,"column":15},"end":{"line":196,"column":9}}],"line":192},"12":{"loc":{"start":{"line":222,"column":2},"end":{"line":229,"column":3}},"type":"if","locations":[{"start":{"line":222,"column":2},"end":{"line":229,"column":3}},{"start":{},"end":{}}],"line":222}},"s":{"0":1,"1":0,"2":1,"3":1,"4":0,"5":0,"6":0,"7":0,"8":0,"9":0,"10":0,"11":0,"12":0,"13":0,"14":0,"15":0,"16":0,"17":0,"18":0,"19":0,"20":0,"21":0,"22":0,"23":1,"24":0,"25":0,"26":0,"27":0,"28":0,"29":0,"30":0,"31":0,"32":0,"33":0,"34":0,"35":0,"36":0,"37":0,"38":0,"39":0,"40":0,"41":0,"42":0,"43":0,"44":0,"45":0,"46":0,"47":0,"48":0,"49":0,"50":0,"51":0,"52":0,"53":0,"54":0,"55":0,"56":0,"57":0,"58":0,"59":0,"60":0,"61":0,"62":0,"63":0,"64":0,"65":0,"66":0,"67":0,"68":0,"69":0,"70":0,"71":0,"72":0,"73":0,"74":0,"75":0,"76":0,"77":0,"78":0,"79":0,"80":0,"81":0,"82":0,"83":0,"84":0,"85":0,"86":0,"87":0,"88":0,"89":0,"90":0,"91":0,"92":0,"93":0,"94":0,"95":0,"96":0,"97":0,"98":0,"99":0,"100":0,"101":0,"102":0,"103":0,"104":0,"105":0,"106":0,"107":0,"108":0,"109":0},"f":{"0":0,"1":0,"2":0,"3":0,"4":0,"5":0,"6":0,"7":0,"8":0,"9":0,"10":0,"11":0,"12":0,"13":0,"14":0,"15":0,"16":0,"17":0,"18":0,"19":0,"20":0,"21":0,"22":0,"23":0},"b":{"0":[0,0],"1":[0,0],"2":[0,0],"3":[0,0],"4":[0,0],"5":[0,0],"6":[0,0],"7":[0,0],"8":[0,0],"9":[0,0],"10":[0,0],"11":[0,0],"12":[0,0]},"_coverageSchema":"1a1c01bbd47fc00a2c39e90264f33305004495a9","hash":"667f397dff68cc5e1ede9099d6584a3b4d9fa2e5"}
,"/workspaces/YggdraSkillWebApp/src/TestCrashButton.tsx": {"path":"/workspaces/YggdraSkillWebApp/src/TestCrashButton.tsx","statementMap":{"0":{"start":{"line":3,"column":24},"end":{"line":26,"column":1}},"1":{"start":{"line":4,"column":40},"end":{"line":4,"column":55}},"2":{"start":{"line":6,"column":2},"end":{"line":8,"column":3}},"3":{"start":{"line":7,"column":4},"end":{"line":7,"column":57}},"4":{"start":{"line":10,"column":2},"end":{"line":25,"column":4}},"5":{"start":{"line":12,"column":21},"end":{"line":12,"column":41}}},"fnMap":{"0":{"name":"(anonymous_0)","decl":{"start":{"line":3,"column":24},"end":{"line":3,"column":25}},"loc":{"start":{"line":3,"column":30},"end":{"line":26,"column":1}},"line":3},"1":{"name":"(anonymous_1)","decl":{"start":{"line":12,"column":15},"end":{"line":12,"column":16}},"loc":{"start":{"line":12,"column":21},"end":{"line":12,"column":41}},"line":12}},"branchMap":{"0":{"loc":{"start":{"line":6,"column":2},"end":{"line":8,"column":3}},"type":"if","locations":[{"start":{"line":6,"column":2},"end":{"line":8,"column":3}},{"start":{},"end":{}}],"line":6}},"s":{"0":1,"1":1,"2":1,"3":0,"4":1,"5":0},"f":{"0":1,"1":0},"b":{"0":[0,1]},"_coverageSchema":"1a1c01bbd47fc00a2c39e90264f33305004495a9","hash":"d8e1e3b210025620cea84a573867a2e81856a07d"}
,"/workspaces/YggdraSkillWebApp/src/authErrorHandler.ts": {"path":"/workspaces/YggdraSkillWebApp/src/authErrorHandler.ts","statementMap":{"0":{"start":{"line":3,"column":35},"end":{"line":19,"column":1}},"1":{"start":{"line":4,"column":19},"end":{"line":13,"column":3}},"2":{"start":{"line":15,"column":2},"end":{"line":18,"column":4}}},"fnMap":{"0":{"name":"(anonymous_0)","decl":{"start":{"line":3,"column":35},"end":{"line":3,"column":36}},"loc":{"start":{"line":3,"column":46},"end":{"line":19,"column":1}},"line":3}},"branchMap":{"0":{"loc":{"start":{"line":16,"column":4},"end":{"line":17,"column":59}},"type":"binary-expr","locations":[{"start":{"line":16,"column":4},"end":{"line":16,"column":24}},{"start":{"line":17,"column":4},"end":{"line":17,"column":59}}],"line":16}},"s":{"0":1,"1":0,"2":0},"f":{"0":0},"b":{"0":[0,0]},"_coverageSchema":"1a1c01bbd47fc00a2c39e90264f33305004495a9","hash":"aaaddec83c10be5a6724dba191251dea8220a440"}
,"/workspaces/YggdraSkillWebApp/src/firebaseConfig.ts": {"path":"/workspaces/YggdraSkillWebApp/src/firebaseConfig.ts","statementMap":{"0":{"start":{"line":6,"column":23},"end":{"line":14,"column":1}},"1":{"start":{"line":17,"column":12},"end":{"line":17,"column":41}},"2":{"start":{"line":18,"column":18},"end":{"line":18,"column":35}},"3":{"start":{"line":19,"column":20},"end":{"line":19,"column":32}},"4":{"start":{"line":21,"column":0},"end":{"line":27,"column":3}},"5":{"start":{"line":22,"column":2},"end":{"line":26,"column":3}},"6":{"start":{"line":23,"column":4},"end":{"line":23,"column":34}},"7":{"start":{"line":25,"column":4},"end":{"line":25,"column":63}}},"fnMap":{"0":{"name":"(anonymous_0)","decl":{"start":{"line":21,"column":19},"end":{"line":21,"column":20}},"loc":{"start":{"line":21,"column":34},"end":{"line":27,"column":1}},"line":21}},"branchMap":{"0":{"loc":{"start":{"line":22,"column":2},"end":{"line":26,"column":3}},"type":"if","locations":[{"start":{"line":22,"column":2},"end":{"line":26,"column":3}},{"start":{"line":24,"column":9},"end":{"line":26,"column":3}}],"line":22}},"s":{"0":1,"1":1,"2":1,"3":1,"4":1,"5":1,"6":0,"7":1},"f":{"0":1},"b":{"0":[0,1]},"_coverageSchema":"1a1c01bbd47fc00a2c39e90264f33305004495a9","hash":"a1cd94489f68b1a1dcb547c451f99ed51d29531b"}
,"/workspaces/YggdraSkillWebApp/src/features/progress/progressSlice.ts": {"path":"/workspaces/YggdraSkillWebApp/src/features/progress/progressSlice.ts","statementMap":{"0":{"start":{"line":9,"column":36},"end":{"line":13,"column":1}},"1":{"start":{"line":15,"column":22},"end":{"line":29,"column":2}},"2":{"start":{"line":20,"column":6},"end":{"line":20,"column":41}},"3":{"start":{"line":23,"column":6},"end":{"line":23,"column":34}},"4":{"start":{"line":26,"column":6},"end":{"line":26,"column":38}},"5":{"start":{"line":31,"column":65},"end":{"line":31,"column":86}}},"fnMap":{"0":{"name":"(anonymous_0)","decl":{"start":{"line":19,"column":4},"end":{"line":19,"column":5}},"loc":{"start":{"line":19,"column":61},"end":{"line":21,"column":5}},"line":19},"1":{"name":"(anonymous_1)","decl":{"start":{"line":22,"column":4},"end":{"line":22,"column":5}},"loc":{"start":{"line":22,"column":50},"end":{"line":24,"column":5}},"line":22},"2":{"name":"(anonymous_2)","decl":{"start":{"line":25,"column":4},"end":{"line":25,"column":5}},"loc":{"start":{"line":25,"column":54},"end":{"line":27,"column":5}},"line":25}},"branchMap":{},"s":{"0":1,"1":1,"2":0,"3":0,"4":0,"5":1},"f":{"0":0,"1":0,"2":0},"b":{},"_coverageSchema":"1a1c01bbd47fc00a2c39e90264f33305004495a9","hash":"d7133551e904c45467d6a1a1d8121d76c5220152"}
,"/workspaces/YggdraSkillWebApp/src/features/subskills/subskillsSlice.ts": {"path":"/workspaces/YggdraSkillWebApp/src/features/subskills/subskillsSlice.ts","statementMap":{"0":{"start":{"line":6,"column":23},"end":{"line":28,"column":2}},"1":{"start":{"line":11,"column":36},"end":{"line":11,"column":50}},"2":{"start":{"line":12,"column":6},"end":{"line":12,"column":32}},"3":{"start":{"line":15,"column":35},"end":{"line":15,"column":49}},"4":{"start":{"line":16,"column":31},"end":{"line":16,"column":50}},"5":{"start":{"line":17,"column":6},"end":{"line":19,"column":42}},"6":{"start":{"line":18,"column":41},"end":{"line":18,"column":55}},"7":{"start":{"line":22,"column":6},"end":{"line":22,"column":35}},"8":{"start":{"line":25,"column":6},"end":{"line":25,"column":25}},"9":{"start":{"line":31,"column":2},"end":{"line":31,"column":24}},"10":{"start":{"line":33,"column":30},"end":{"line":63,"column":1}},"11":{"start":{"line":33,"column":56},"end":{"line":63,"column":1}},"12":{"start":{"line":34,"column":2},"end":{"line":34,"column":78}},"13":{"start":{"line":36,"column":2},"end":{"line":62,"column":3}},"14":{"start":{"line":37,"column":31},"end":{"line":37,"column":70}},"15":{"start":{"line":38,"column":22},"end":{"line":38,"column":55}},"16":{"start":{"line":39,"column":4},"end":{"line":39,"column":74}},"17":{"start":{"line":41,"column":22},"end":{"line":43,"column":35}},"18":{"start":{"line":42,"column":21},"end":{"line":42,"column":50}},"19":{"start":{"line":43,"column":19},"end":{"line":43,"column":34}},"20":{"start":{"line":45,"column":4},"end":{"line":47,"column":5}},"21":{"start":{"line":46,"column":6},"end":{"line":46,"column":76}},"22":{"start":{"line":49,"column":4},"end":{"line":53,"column":6}},"23":{"start":{"line":54,"column":4},"end":{"line":56,"column":6}},"24":{"start":{"line":57,"column":4},"end":{"line":57,"column":27}},"25":{"start":{"line":59,"column":25},"end":{"line":59,"column":56}},"26":{"start":{"line":60,"column":4},"end":{"line":60,"column":52}},"27":{"start":{"line":61,"column":4},"end":{"line":61,"column":37}}},"fnMap":{"0":{"name":"(anonymous_0)","decl":{"start":{"line":10,"column":25},"end":{"line":10,"column":26}},"loc":{"start":{"line":10,"column":44},"end":{"line":13,"column":5}},"line":10},"1":{"name":"(anonymous_1)","decl":{"start":{"line":14,"column":20},"end":{"line":14,"column":21}},"loc":{"start":{"line":14,"column":39},"end":{"line":20,"column":5}},"line":14},"2":{"name":"(anonymous_2)","decl":{"start":{"line":18,"column":34},"end":{"line":18,"column":35}},"loc":{"start":{"line":18,"column":41},"end":{"line":18,"column":55}},"line":18},"3":{"name":"(anonymous_3)","decl":{"start":{"line":21,"column":14},"end":{"line":21,"column":15}},"loc":{"start":{"line":21,"column":33},"end":{"line":23,"column":5}},"line":21},"4":{"name":"(anonymous_4)","decl":{"start":{"line":24,"column":16},"end":{"line":24,"column":17}},"loc":{"start":{"line":24,"column":27},"end":{"line":26,"column":5}},"line":24},"5":{"name":"(anonymous_5)","decl":{"start":{"line":33,"column":30},"end":{"line":33,"column":31}},"loc":{"start":{"line":33,"column":56},"end":{"line":63,"column":1}},"line":33},"6":{"name":"(anonymous_6)","decl":{"start":{"line":33,"column":56},"end":{"line":33,"column":57}},"loc":{"start":{"line":33,"column":76},"end":{"line":63,"column":1}},"line":33},"7":{"name":"(anonymous_7)","decl":{"start":{"line":42,"column":11},"end":{"line":42,"column":12}},"loc":{"start":{"line":42,"column":21},"end":{"line":42,"column":50}},"line":42},"8":{"name":"(anonymous_8)","decl":{"start":{"line":43,"column":12},"end":{"line":43,"column":13}},"loc":{"start":{"line":43,"column":19},"end":{"line":43,"column":34}},"line":43}},"branchMap":{"0":{"loc":{"start":{"line":16,"column":31},"end":{"line":16,"column":50}},"type":"binary-expr","locations":[{"start":{"line":16,"column":31},"end":{"line":16,"column":44}},{"start":{"line":16,"column":48},"end":{"line":16,"column":50}}],"line":16},"1":{"loc":{"start":{"line":17,"column":22},"end":{"line":19,"column":41}},"type":"cond-expr","locations":[{"start":{"line":18,"column":10},"end":{"line":18,"column":56}},{"start":{"line":19,"column":10},"end":{"line":19,"column":41}}],"line":17},"2":{"loc":{"start":{"line":45,"column":4},"end":{"line":47,"column":5}},"type":"if","locations":[{"start":{"line":45,"column":4},"end":{"line":47,"column":5}},{"start":{},"end":{}}],"line":45},"3":{"loc":{"start":{"line":52,"column":6},"end":{"line":52,"column":31}},"type":"binary-expr","locations":[{"start":{"line":52,"column":6},"end":{"line":52,"column":25}},{"start":{"line":52,"column":29},"end":{"line":52,"column":31}}],"line":52},"4":{"loc":{"start":{"line":55,"column":47},"end":{"line":55,"column":72}},"type":"binary-expr","locations":[{"start":{"line":55,"column":47},"end":{"line":55,"column":66}},{"start":{"line":55,"column":70},"end":{"line":55,"column":72}}],"line":55}},"s":{"0":1,"1":0,"2":0,"3":0,"4":0,"5":0,"6":0,"7":0,"8":0,"9":1,"10":1,"11":0,"12":0,"13":0,"14":0,"15":0,"16":0,"17":0,"18":0,"19":0,"20":0,"21":0,"22":0,"23":0,"24":0,"25":0,"26":0,"27":0},"f":{"0":0,"1":0,"2":0,"3":0,"4":0,"5":0,"6":0,"7":0,"8":0},"b":{"0":[0,0],"1":[0,0],"2":[0,0],"3":[0,0],"4":[0,0]},"_coverageSchema":"1a1c01bbd47fc00a2c39e90264f33305004495a9","hash":"ca376fe2ad93132953d7cd31ee7d5f45bd12e0ae"}
}
