TN:
SF:src/App.tsx
FN:15,(anonymous_0)
FNF:1
FNH:1
FNDA:1,(anonymous_0)
DA:15,1
DA:16,1
DA:17,1
DA:19,1
LF:4
LH:4
BRDA:17,0,0,0
BRDA:17,0,1,1
BRF:2
BRH:1
end_of_record
TN:
SF:src/AuthProgressContext.tsx
FN:19,(anonymous_0)
FN:34,reducer
FN:51,(anonymous_2)
FN:55,(anonymous_3)
FN:56,(anonymous_4)
FN:84,(anonymous_5)
FNF:6
FNH:5
FNDA:0,(anonymous_0)
FNDA:6,reducer
FNDA:4,(anonymous_2)
FNDA:2,(anonymous_3)
FNDA:2,(anonymous_4)
FNDA:2,(anonymous_5)
DA:15,4
DA:28,4
DA:35,6
DA:37,2
DA:39,2
DA:41,2
DA:43,0
DA:51,4
DA:52,4
DA:53,4
DA:55,4
DA:56,2
DA:57,2
DA:58,2
DA:59,2
DA:66,2
DA:67,2
DA:68,2
DA:70,2
DA:71,2
DA:72,2
DA:74,0
DA:75,0
DA:76,0
DA:78,0
DA:79,0
DA:80,0
DA:84,2
DA:87,4
LF:29
LH:22
BRDA:35,0,0,2
BRDA:35,0,1,2
BRDA:35,0,2,2
BRDA:35,0,3,0
BRDA:57,1,0,2
BRDA:57,1,1,0
BRDA:61,2,0,2
BRDA:61,2,1,0
BRDA:62,3,0,2
BRDA:62,3,1,1
BRDA:63,4,0,2
BRDA:63,4,1,1
BRF:12
BRH:9
end_of_record
TN:
SF:src/Banner.tsx
FN:10,(anonymous_0)
FN:19,(anonymous_1)
FN:20,(anonymous_2)
FN:23,(anonymous_3)
FN:36,(anonymous_4)
FN:47,(anonymous_5)
FN:56,(anonymous_6)
FN:58,(anonymous_7)
FN:81,(anonymous_8)
FN:87,(anonymous_9)
FN:90,(anonymous_10)
FNF:11
FNH:8
FNDA:4,(anonymous_0)
FNDA:2,(anonymous_1)
FNDA:2,(anonymous_2)
FNDA:1,(anonymous_3)
FNDA:0,(anonymous_4)
FNDA:1,(anonymous_5)
FNDA:1,(anonymous_6)
FNDA:0,(anonymous_7)
FNDA:1,(anonymous_8)
FNDA:1,(anonymous_9)
FNDA:0,(anonymous_10)
DA:10,2
DA:11,4
DA:12,4
DA:13,4
DA:14,4
DA:15,4
DA:16,4
DA:19,4
DA:20,2
DA:21,2
DA:22,2
DA:23,1
DA:27,1
DA:29,0
DA:33,2
DA:36,4
DA:37,0
DA:38,0
DA:39,0
DA:40,0
DA:41,0
DA:43,0
DA:47,4
DA:48,1
DA:49,1
DA:50,0
DA:51,0
DA:52,0
DA:55,1
DA:57,1
DA:59,0
DA:63,1
DA:64,1
DA:67,4
DA:81,1
DA:88,1
DA:90,0
LF:37
LH:25
BRDA:49,0,0,0
BRDA:49,0,1,1
BRDA:57,1,0,1
BRDA:57,1,1,0
BRDA:64,2,0,0
BRDA:64,2,1,1
BRDA:71,3,0,3
BRDA:71,3,1,1
BRDA:73,4,0,3
BRDA:73,4,1,0
BRDA:84,5,0,3
BRDA:84,5,1,1
BRDA:98,6,0,3
BRDA:98,6,1,0
BRF:14
BRH:9
end_of_record
TN:
SF:src/Dashboard.tsx
FN:7,(anonymous_0)
FN:9,(anonymous_1)
FN:10,(anonymous_2)
FN:11,(anonymous_3)
FN:12,(anonymous_4)
FN:14,(anonymous_5)
FN:24,(anonymous_6)
FN:43,(anonymous_7)
FN:48,(anonymous_8)
FN:60,(anonymous_9)
FNF:10
FNH:7
FNDA:2,(anonymous_0)
FNDA:6,(anonymous_1)
FNDA:6,(anonymous_2)
FNDA:6,(anonymous_3)
FNDA:6,(anonymous_4)
FNDA:2,(anonymous_5)
FNDA:0,(anonymous_6)
FNDA:1,(anonymous_7)
FNDA:0,(anonymous_8)
FNDA:0,(anonymous_9)
DA:7,2
DA:8,2
DA:9,6
DA:10,6
DA:11,6
DA:12,6
DA:14,2
DA:15,2
DA:16,0
DA:20,2
DA:21,1
DA:24,1
DA:25,0
DA:26,0
DA:27,0
DA:31,0
DA:40,1
DA:44,1
DA:45,0
DA:46,0
DA:48,0
DA:49,0
DA:50,0
DA:51,0
DA:52,0
DA:54,0
DA:57,0
DA:60,0
LF:28
LH:13
BRDA:15,0,0,0
BRDA:15,0,1,2
BRDA:15,1,0,2
BRDA:15,1,1,1
BRDA:20,2,0,1
BRDA:20,2,1,1
BRDA:20,3,0,2
BRDA:20,3,1,1
BRDA:25,4,0,0
BRDA:25,4,1,0
BRDA:26,5,0,0
BRDA:26,5,1,0
BRDA:27,6,0,0
BRDA:27,6,1,0
BRDA:42,7,0,1
BRDA:42,7,1,1
BRDA:44,8,0,1
BRDA:44,8,1,0
BRDA:46,9,0,0
BRDA:46,9,1,0
BRDA:46,10,0,0
BRDA:46,10,1,0
BRDA:46,10,2,0
BRDA:49,11,0,0
BRDA:49,11,1,0
BRDA:51,12,0,0
BRDA:51,12,1,0
BRDA:51,13,0,0
BRDA:51,13,1,0
BRDA:51,13,2,0
BRF:30
BRH:10
end_of_record
TN:
SF:src/Develop.tsx
FN:4,(anonymous_0)
FN:14,(anonymous_1)
FN:20,(anonymous_2)
FN:26,(anonymous_3)
FN:32,(anonymous_4)
FNF:5
FNH:0
FNDA:0,(anonymous_0)
FNDA:0,(anonymous_1)
FNDA:0,(anonymous_2)
FNDA:0,(anonymous_3)
FNDA:0,(anonymous_4)
DA:4,1
DA:5,0
DA:7,0
DA:14,0
DA:20,0
DA:26,0
DA:32,0
LF:7
LH:1
BRF:0
BRH:0
end_of_record
TN:
SF:src/ErrorBoundary.tsx
FN:13,(anonymous_0)
FN:21,(anonymous_1)
FN:28,(anonymous_2)
FN:32,(anonymous_3)
FNF:4
FNH:2
FNDA:1,(anonymous_0)
FNDA:0,(anonymous_1)
FNDA:0,(anonymous_2)
FNDA:1,(anonymous_3)
DA:14,1
DA:15,1
DA:22,0
DA:29,0
DA:33,1
DA:34,0
DA:42,1
LF:7
LH:4
BRDA:33,0,0,0
BRDA:33,0,1,1
BRF:2
BRH:1
end_of_record
TN:
SF:src/FirestoreErrorHandler.ts
FN:1,getFirestoreErrorMessage
FNF:1
FNH:1
FNDA:1,getFirestoreErrorMessage
DA:2,1
DA:10,1
LF:2
LH:2
BRDA:10,0,0,1
BRDA:10,0,1,0
BRF:2
BRH:1
end_of_record
TN:
SF:src/HomePage.tsx
FN:5,(anonymous_0)
FNF:1
FNH:1
FNDA:2,(anonymous_0)
DA:5,2
DA:6,2
LF:2
LH:2
BRF:0
BRH:0
end_of_record
TN:
SF:src/Login.tsx
FN:7,(anonymous_0)
FN:13,(anonymous_1)
FN:34,(anonymous_2)
FN:41,(anonymous_3)
FNF:4
FNH:0
FNDA:0,(anonymous_0)
FNDA:0,(anonymous_1)
FNDA:0,(anonymous_2)
FNDA:0,(anonymous_3)
DA:7,1
DA:8,0
DA:9,0
DA:10,0
DA:11,0
DA:13,0
DA:14,0
DA:15,0
DA:16,0
DA:18,0
DA:19,0
DA:21,0
DA:26,0
DA:34,0
DA:41,0
LF:15
LH:1
BRDA:18,0,0,0
BRDA:18,0,1,0
BRDA:18,1,0,0
BRDA:18,1,1,0
BRDA:18,1,2,0
BRDA:29,2,0,0
BRDA:29,2,1,0
BRF:7
BRH:0
end_of_record
TN:
SF:src/NodePage.tsx
FN:34,(anonymous_0)
FN:35,(anonymous_1)
FN:38,(anonymous_2)
FN:39,(anonymous_3)
FN:43,(anonymous_4)
FN:43,(anonymous_5)
FN:44,(anonymous_6)
FN:47,(anonymous_7)
FN:54,(anonymous_8)
FN:55,(anonymous_9)
FN:60,(anonymous_10)
FN:61,(anonymous_11)
FN:79,(anonymous_12)
FN:84,(anonymous_13)
FN:101,(anonymous_14)
FN:103,(anonymous_15)
FN:110,(anonymous_16)
FN:114,(anonymous_17)
FN:147,(anonymous_18)
FN:153,(anonymous_19)
FN:178,(anonymous_20)
FNF:21
FNH:0
FNDA:0,(anonymous_0)
FNDA:0,(anonymous_1)
FNDA:0,(anonymous_2)
FNDA:0,(anonymous_3)
FNDA:0,(anonymous_4)
FNDA:0,(anonymous_5)
FNDA:0,(anonymous_6)
FNDA:0,(anonymous_7)
FNDA:0,(anonymous_8)
FNDA:0,(anonymous_9)
FNDA:0,(anonymous_10)
FNDA:0,(anonymous_11)
FNDA:0,(anonymous_12)
FNDA:0,(anonymous_13)
FNDA:0,(anonymous_14)
FNDA:0,(anonymous_15)
FNDA:0,(anonymous_16)
FNDA:0,(anonymous_17)
FNDA:0,(anonymous_18)
FNDA:0,(anonymous_19)
FNDA:0,(anonymous_20)
DA:34,1
DA:35,1
DA:37,1
DA:38,0
DA:39,0
DA:42,1
DA:43,0
DA:44,0
DA:47,1
DA:48,0
DA:49,0
DA:51,0
DA:52,0
DA:54,0
DA:55,0
DA:57,0
DA:58,0
DA:60,0
DA:61,0
DA:62,0
DA:63,0
DA:64,0
DA:67,0
DA:68,0
DA:69,0
DA:71,0
DA:72,0
DA:73,0
DA:76,0
DA:77,0
DA:79,0
DA:84,0
DA:86,0
DA:87,0
DA:88,0
DA:90,0
DA:93,0
DA:94,0
DA:98,0
DA:101,0
DA:102,0
DA:103,0
DA:106,0
DA:107,0
DA:110,0
DA:111,0
DA:112,0
DA:114,0
DA:115,0
DA:116,0
DA:120,0
DA:123,0
DA:124,0
DA:127,0
DA:128,0
DA:131,0
DA:132,0
DA:136,0
DA:148,0
DA:153,0
DA:178,0
LF:61
LH:5
BRDA:39,0,0,0
BRDA:39,0,1,0
BRDA:44,1,0,0
BRDA:44,1,1,0
BRDA:51,2,0,0
BRDA:51,2,1,0
BRDA:52,3,0,0
BRDA:52,3,1,0
BRDA:62,4,0,0
BRDA:62,4,1,0
BRDA:62,5,0,0
BRDA:62,5,1,0
BRDA:71,6,0,0
BRDA:71,6,1,0
BRDA:86,7,0,0
BRDA:86,7,1,0
BRDA:102,8,0,0
BRDA:102,8,1,0
BRDA:111,9,0,0
BRDA:111,9,1,0
BRDA:115,10,0,0
BRDA:115,10,1,0
BRDA:123,11,0,0
BRDA:123,11,1,0
BRDA:127,12,0,0
BRDA:127,12,1,0
BRDA:133,13,0,0
BRDA:133,13,1,0
BRDA:145,14,0,0
BRDA:145,14,1,0
BRF:30
BRH:0
end_of_record
TN:
SF:src/PartitionPage.tsx
FN:15,(anonymous_0)
FN:21,(anonymous_1)
FN:22,(anonymous_2)
FN:31,(anonymous_3)
FN:71,(anonymous_4)
FN:74,(anonymous_5)
FNF:6
FNH:0
FNDA:0,(anonymous_0)
FNDA:0,(anonymous_1)
FNDA:0,(anonymous_2)
FNDA:0,(anonymous_3)
FNDA:0,(anonymous_4)
FNDA:0,(anonymous_5)
DA:15,1
DA:16,0
DA:17,0
DA:18,0
DA:19,0
DA:21,0
DA:22,0
DA:23,0
DA:25,0
DA:26,0
DA:27,0
DA:29,0
DA:31,0
DA:32,0
DA:33,0
DA:34,0
DA:42,0
DA:47,0
DA:49,0
DA:50,0
DA:54,0
DA:57,0
DA:72,0
DA:74,0
LF:24
LH:1
BRDA:33,0,0,0
BRDA:33,0,1,0
BRDA:36,1,0,0
BRDA:36,1,1,0
BRDA:60,2,0,0
BRDA:60,2,1,0
BRDA:65,3,0,0
BRDA:65,3,1,0
BRDA:77,4,0,0
BRDA:77,4,1,0
BRF:10
BRH:0
end_of_record
TN:
SF:src/Signup.tsx
FN:6,(anonymous_0)
FN:11,(anonymous_1)
FN:32,(anonymous_2)
FN:39,(anonymous_3)
FNF:4
FNH:0
FNDA:0,(anonymous_0)
FNDA:0,(anonymous_1)
FNDA:0,(anonymous_2)
FNDA:0,(anonymous_3)
DA:6,1
DA:7,0
DA:8,0
DA:9,0
DA:11,0
DA:12,0
DA:13,0
DA:14,0
DA:16,0
DA:17,0
DA:19,0
DA:24,0
DA:32,0
DA:39,0
LF:14
LH:1
BRDA:16,0,0,0
BRDA:16,0,1,0
BRDA:16,1,0,0
BRDA:16,1,1,0
BRDA:16,1,2,0
BRDA:27,2,0,0
BRDA:27,2,1,0
BRF:7
BRH:0
end_of_record
TN:
SF:src/SkillTree.tsx
FN:34,(anonymous_0)
FN:40,(anonymous_1)
FN:41,(anonymous_2)
FN:61,(anonymous_3)
FN:76,(anonymous_4)
FN:98,(anonymous_5)
FN:102,(anonymous_6)
FNF:7
FNH:0
FNDA:0,(anonymous_0)
FNDA:0,(anonymous_1)
FNDA:0,(anonymous_2)
FNDA:0,(anonymous_3)
FNDA:0,(anonymous_4)
FNDA:0,(anonymous_5)
FNDA:0,(anonymous_6)
DA:17,1
DA:34,1
DA:35,0
DA:36,0
DA:37,0
DA:38,0
DA:40,0
DA:41,0
DA:42,0
DA:44,0
DA:45,0
DA:46,0
DA:48,0
DA:49,0
DA:50,0
DA:53,0
DA:54,0
DA:56,0
DA:61,0
DA:62,0
DA:63,0
DA:76,0
DA:77,0
DA:78,0
DA:87,0
DA:88,0
DA:90,0
DA:91,0
DA:95,0
DA:98,0
DA:99,0
DA:100,0
DA:102,0
DA:116,0
DA:118,0
LF:35
LH:2
BRDA:42,0,0,0
BRDA:42,0,1,0
BRDA:48,1,0,0
BRDA:48,1,1,0
BRDA:65,2,0,0
BRDA:65,2,1,0
BRDA:66,3,0,0
BRDA:66,3,1,0
BRDA:68,4,0,0
BRDA:68,4,1,0
BRDA:100,5,0,0
BRDA:100,5,1,0
BRDA:100,6,0,0
BRDA:100,6,1,0
BRDA:108,7,0,0
BRDA:108,7,1,0
BRDA:109,8,0,0
BRDA:109,8,1,0
BRDA:116,9,0,0
BRDA:116,9,1,0
BRF:20
BRH:0
end_of_record
TN:
SF:src/TestCrashButton.tsx
FN:3,(anonymous_0)
FN:12,(anonymous_1)
FNF:2
FNH:1
FNDA:2,(anonymous_0)
FNDA:0,(anonymous_1)
DA:3,2
DA:4,2
DA:6,2
DA:7,0
DA:10,2
DA:12,0
LF:6
LH:4
BRDA:6,0,0,0
BRDA:6,0,1,2
BRF:2
BRH:1
end_of_record
TN:
SF:src/authErrorHandler.ts
FN:3,(anonymous_0)
FNF:1
FNH:0
FNDA:0,(anonymous_0)
DA:3,1
DA:4,0
DA:13,0
LF:3
LH:1
BRDA:13,0,0,0
BRDA:13,0,1,0
BRF:2
BRH:0
end_of_record
TN:
SF:src/firebaseConfig.ts
FN:23,(anonymous_0)
FNF:1
FNH:1
FNDA:4,(anonymous_0)
DA:8,4
DA:18,4
DA:19,4
DA:20,4
DA:23,4
DA:24,4
DA:25,0
LF:7
LH:6
BRDA:24,0,0,0
BRDA:24,0,1,4
BRF:2
BRH:1
end_of_record
TN:
SF:src/store.ts
FN:27,(anonymous_0)
FNF:1
FNH:1
FNDA:2,(anonymous_0)
DA:9,2
DA:16,2
DA:22,2
DA:25,2
DA:28,2
DA:36,2
LF:6
LH:6
BRF:0
BRH:0
end_of_record
TN:
SF:src/features/auth/authSlice.ts
FN:19,(anonymous_0)
FN:22,(anonymous_1)
FN:25,(anonymous_2)
FNF:3
FNH:3
FNDA:2,(anonymous_0)
FNDA:2,(anonymous_1)
FNDA:2,(anonymous_2)
DA:9,5
DA:15,5
DA:20,2
DA:23,2
DA:26,2
DA:31,5
LF:6
LH:6
BRF:0
BRH:0
end_of_record
TN:
SF:src/features/progress/progressSlice.ts
FN:16,(anonymous_0)
FN:32,(anonymous_1)
FN:35,(anonymous_2)
FNF:3
FNH:0
FNDA:0,(anonymous_0)
FNDA:0,(anonymous_1)
FNDA:0,(anonymous_2)
DA:8,4
DA:12,4
DA:24,0
DA:26,0
DA:27,0
DA:30,0
DA:33,0
DA:36,0
DA:41,4
LF:9
LH:3
BRDA:26,0,0,0
BRDA:26,0,1,0
BRDA:26,1,0,0
BRDA:26,1,1,0
BRF:4
BRH:0
end_of_record
TN:
SF:src/features/subskills/subskillsSlice.ts
FN:19,(anonymous_0)
FN:26,(anonymous_1)
FN:33,(anonymous_2)
FN:36,(anonymous_3)
FN:39,(anonymous_4)
FN:53,(anonymous_5)
FN:54,(anonymous_6)
FN:60,(anonymous_7)
FN:64,(anonymous_8)
FNF:9
FNH:0
FNDA:0,(anonymous_0)
FNDA:0,(anonymous_1)
FNDA:0,(anonymous_2)
FNDA:0,(anonymous_3)
FNDA:0,(anonymous_4)
FNDA:0,(anonymous_5)
FNDA:0,(anonymous_6)
FNDA:0,(anonymous_7)
FNDA:0,(anonymous_8)
DA:11,4
DA:15,4
DA:23,0
DA:24,0
DA:30,0
DA:31,0
DA:32,0
DA:33,0
DA:37,0
DA:40,0
DA:50,4
DA:53,4
DA:54,0
DA:55,0
DA:56,0
DA:57,0
DA:59,0
DA:60,0
DA:64,0
DA:66,0
DA:67,0
DA:70,0
DA:76,0
DA:78,0
DA:79,0
DA:80,0
DA:81,0
DA:82,0
DA:85,0
DA:86,0
LF:30
LH:4
BRDA:31,0,0,0
BRDA:31,0,1,0
BRDA:32,1,0,0
BRDA:32,1,1,0
BRDA:66,2,0,0
BRDA:66,2,1,0
BRDA:66,3,0,0
BRDA:66,3,1,0
BRDA:79,4,0,0
BRDA:79,4,1,0
BRDA:79,5,0,0
BRDA:79,5,1,0
BRDA:79,5,2,0
BRDA:79,5,3,0
BRDA:81,6,0,0
BRDA:81,6,1,0
BRF:16
BRH:0
end_of_record
